TN:
SF:src/types.d.ts
FNF:0
FNH:0
LF:0
LH:0
BRF:0
BRH:0
end_of_record
TN:
SF:src/config/index.ts
FNF:0
FNH:0
DA:4,35
DA:6,35
DA:8,35
DA:13,35
DA:21,35
DA:25,35
DA:30,35
DA:43,35
DA:48,35
DA:56,35
DA:64,35
DA:71,35
DA:81,35
DA:88,35
DA:93,35
DA:95,35
DA:100,35
DA:103,35
LF:18
LH:18
BRDA:9,0,0,35
BRDA:9,0,1,35
BRDA:10,1,0,35
BRDA:10,1,1,0
BRDA:14,2,0,35
BRDA:14,2,1,35
BRDA:15,3,0,35
BRDA:15,3,1,35
BRDA:16,4,0,35
BRDA:16,4,1,35
BRDA:17,5,0,35
BRDA:17,5,1,35
BRDA:26,6,0,35
BRDA:26,6,1,35
BRDA:31,7,0,35
BRDA:31,7,1,35
BRDA:32,8,0,35
BRDA:32,8,1,35
BRDA:34,9,0,35
BRDA:34,9,1,35
BRDA:36,10,0,35
BRDA:36,10,1,35
BRDA:40,11,0,35
BRDA:40,11,1,35
BRDA:44,12,0,35
BRDA:44,12,1,35
BRDA:51,13,0,35
BRDA:51,13,1,35
BRDA:53,14,0,35
BRDA:53,14,1,35
BRDA:59,15,0,35
BRDA:59,15,1,35
BRDA:61,16,0,35
BRDA:61,16,1,35
BRDA:66,17,0,35
BRDA:66,17,1,35
BRDA:68,18,0,35
BRDA:68,18,1,35
BRDA:74,19,0,35
BRDA:74,19,1,35
BRDA:76,20,0,35
BRDA:76,20,1,35
BRDA:77,21,0,35
BRDA:77,21,1,35
BRDA:78,22,0,35
BRDA:78,22,1,35
BRDA:96,23,0,35
BRDA:96,23,1,35
BRDA:97,24,0,35
BRDA:97,24,1,35
BRDA:101,25,0,35
BRDA:101,25,1,35
BRF:52
BRH:51
end_of_record
TN:
SF:src/config/openapi/index.ts
FNF:0
FNH:0
DA:1,0
DA:3,0
LF:2
LH:0
BRF:0
BRH:0
end_of_record
TN:
SF:src/config/openapi/spec/index.ts
FNF:0
FNH:0
DA:1,10
DA:2,10
DA:3,10
DA:5,10
DA:18,10
LF:5
LH:5
BRF:0
BRH:0
end_of_record
TN:
SF:src/config/openapi/spec/components/errors.ts
FNF:0
FNH:0
DA:1,13
LF:1
LH:1
BRF:0
BRH:0
end_of_record
TN:
SF:src/config/openapi/spec/components/index.ts
FNF:0
FNH:0
DA:1,10
DA:3,10
DA:89,10
LF:3
LH:3
BRF:0
BRH:0
end_of_record
TN:
SF:src/config/openapi/spec/info/index.ts
FNF:0
FNH:0
DA:1,10
DA:7,10
LF:2
LH:2
BRF:0
BRH:0
end_of_record
TN:
SF:src/config/openapi/spec/paths/entrypoints.ts
FNF:0
FNH:0
DA:1,10
DA:3,10
LF:2
LH:2
BRF:0
BRH:0
end_of_record
TN:
SF:src/config/openapi/spec/paths/index.ts
FNF:0
FNH:0
DA:1,10
DA:2,10
DA:3,10
DA:4,10
DA:6,10
DA:13,10
LF:6
LH:6
BRF:0
BRH:0
end_of_record
TN:
SF:src/config/openapi/spec/paths/jobs.ts
FNF:0
FNH:0
DA:1,10
DA:3,10
LF:2
LH:2
BRF:0
BRH:0
end_of_record
TN:
SF:src/config/openapi/spec/paths/storage.ts
FNF:0
FNH:0
DA:1,10
DA:3,10
LF:2
LH:2
BRF:0
BRH:0
end_of_record
TN:
SF:src/config/openapi/spec/paths/user.ts
FNF:0
FNH:0
DA:1,10
DA:3,10
LF:2
LH:2
BRF:0
BRH:0
end_of_record
TN:
SF:src/const/exchange-type.ts
FN:1,(anonymous_0)
FNF:1
FNH:1
FNDA:35,(anonymous_0)
DA:1,35
DA:2,35
DA:3,35
DA:4,35
LF:4
LH:4
BRDA:1,0,0,35
BRDA:1,0,1,35
BRF:2
BRH:2
end_of_record
TN:
SF:src/const/job-status.ts
FN:1,(anonymous_0)
FNF:1
FNH:1
FNDA:18,(anonymous_0)
DA:1,18
DA:2,18
DA:3,18
DA:4,18
DA:5,18
LF:5
LH:5
BRDA:1,0,0,18
BRDA:1,0,1,18
BRF:2
BRH:2
end_of_record
TN:
SF:src/const/tezos-data-type.ts
FN:1,(anonymous_0)
FNF:1
FNH:1
FNDA:5,(anonymous_0)
DA:1,5
DA:2,5
DA:3,5
DA:4,5
DA:5,5
DA:6,5
DA:7,5
DA:8,5
DA:9,5
DA:10,5
DA:11,5
LF:11
LH:11
BRDA:1,0,0,5
BRDA:1,0,1,5
BRF:2
BRH:2
end_of_record
TN:
SF:src/const/ajv_schemas/data-fields.ts
FNF:0
FNH:0
DA:1,10
LF:1
LH:1
BRF:0
BRH:0
end_of_record
TN:
SF:src/const/errors/address-not-found-error.ts
FN:2,(anonymous_0)
FNF:1
FNH:1
FNDA:1,(anonymous_0)
DA:1,12
DA:3,1
LF:2
LH:2
BRF:0
BRH:0
end_of_record
TN:
SF:src/const/errors/client-error.ts
FN:4,(anonymous_0)
FN:9,(anonymous_1)
FNF:2
FNH:1
FNDA:26,(anonymous_0)
FNDA:0,(anonymous_1)
DA:1,21
DA:5,26
DA:6,26
DA:10,0
LF:4
LH:3
BRF:0
BRH:0
end_of_record
TN:
SF:src/const/errors/indexer-error.ts
FN:2,(anonymous_0)
FNF:1
FNH:1
FNDA:12,(anonymous_0)
DA:1,4
DA:3,12
DA:4,12
LF:3
LH:3
BRF:0
BRH:0
end_of_record
TN:
SF:src/const/errors/invalid-entry-point-params.ts
FN:4,(anonymous_0)
FN:14,(anonymous_1)
FNF:2
FNH:2
FNDA:2,(anonymous_0)
FNDA:2,(anonymous_1)
DA:3,14
DA:5,2
DA:13,14
DA:15,2
LF:4
LH:4
BRF:0
BRH:0
end_of_record
TN:
SF:src/const/errors/invalid-entry-point.ts
FN:2,(anonymous_0)
FNF:1
FNH:0
FNDA:0,(anonymous_0)
DA:1,11
DA:3,0
LF:2
LH:1
BRF:0
BRH:0
end_of_record
TN:
SF:src/const/errors/job-id-not-found-error.ts
FN:2,(anonymous_0)
FNF:1
FNH:0
FNDA:0,(anonymous_0)
DA:1,13
DA:3,0
LF:2
LH:1
BRF:0
BRH:0
end_of_record
TN:
SF:src/const/errors/missing-message-validation-schema-error.ts
FN:2,(anonymous_0)
FNF:1
FNH:1
FNDA:1,(anonymous_0)
DA:1,15
DA:3,1
LF:2
LH:2
BRF:0
BRH:0
end_of_record
TN:
SF:src/const/errors/undefined-public-key-error.ts
FN:2,(anonymous_0)
FNF:1
FNH:1
FNDA:2,(anonymous_0)
DA:1,15
DA:3,2
LF:2
LH:2
BRF:0
BRH:0
end_of_record
TN:
SF:src/const/errors/undefined-signature-error.ts
FN:2,(anonymous_0)
FNF:1
FNH:1
FNDA:1,(anonymous_0)
DA:1,14
DA:3,1
LF:2
LH:2
BRF:0
BRH:0
end_of_record
TN:
SF:src/const/errors/undefined-user-id.ts
FN:2,(anonymous_0)
FNF:1
FNH:0
FNDA:0,(anonymous_0)
DA:1,9
DA:3,0
LF:2
LH:1
BRF:0
BRH:0
end_of_record
TN:
SF:src/const/interfaces/contract-storage-response.ts
FN:3,(anonymous_0)
FNF:1
FNH:1
FNDA:13,(anonymous_0)
DA:3,13
DA:4,13
DA:5,13
DA:6,13
DA:7,13
DA:8,13
DA:9,13
LF:7
LH:7
BRDA:3,0,0,13
BRDA:3,0,1,13
BRF:2
BRH:2
end_of_record
TN:
SF:src/const/postgre/postgre-tables.ts
FN:1,(anonymous_0)
FNF:1
FNH:1
FNDA:19,(anonymous_0)
DA:1,19
DA:2,19
DA:3,19
LF:3
LH:3
BRDA:1,0,0,19
BRDA:1,0,1,19
BRF:2
BRH:2
end_of_record
TN:
SF:src/const/postgre/postgre-types.ts
FN:1,(anonymous_0)
FNF:1
FNH:1
FNDA:19,(anonymous_0)
DA:1,19
DA:2,19
DA:3,19
LF:3
LH:3
BRDA:1,0,0,19
BRDA:1,0,1,19
BRF:2
BRH:2
end_of_record
TN:
SF:src/helpers/extract-arrays.ts
FN:12,extractForgeAndSendTransactionsPaths
FN:17,(anonymous_1)
FN:18,(anonymous_2)
FNF:3
FNH:3
FNDA:1,extractForgeAndSendTransactionsPaths
FNDA:6,(anonymous_1)
FNDA:6,(anonymous_2)
DA:1,3
DA:12,3
DA:15,1
DA:17,6
DA:18,6
DA:20,1
LF:6
LH:6
BRF:0
BRH:0
end_of_record
TN:
SF:src/helpers/generate-transactions.ts
FN:13,generateTransactionDetails
FNF:1
FNH:1
FNDA:1,generateTransactionDetails
DA:3,3
DA:13,3
DA:17,1
DA:19,1
LF:4
LH:4
BRF:0
BRH:0
end_of_record
TN:
SF:src/lib/ajv/index.ts
FN:11,(anonymous_1)
FN:7,(anonymous_2)
FN:25,validateSchema
FNF:3
FNH:3
FNDA:1,(anonymous_1)
FNDA:1,(anonymous_2)
FNDA:2,validateSchema
DA:1,11
DA:4,11
DA:8,1
DA:12,1
DA:13,1
DA:25,11
DA:26,2
DA:27,2
DA:28,2
DA:29,2
DA:30,1
LF:11
LH:11
BRDA:29,0,0,1
BRDA:29,0,1,1
BRF:2
BRH:2
end_of_record
TN:
SF:src/lib/amqp/publish-to-injection-queue.ts
FN:10,publishToInjectionQueue
FNF:1
FNH:0
FNDA:0,publishToInjectionQueue
DA:10,10
DA:14,0
LF:2
LH:1
BRF:0
BRH:0
end_of_record
TN:
SF:src/lib/amqp/publish-to-send-transactions-queue.ts
FN:12,publishForSendTransactions
FNF:1
FNH:1
FNDA:2,publishForSendTransactions
DA:3,11
DA:5,11
DA:12,11
DA:16,2
DA:17,0
DA:20,2
LF:6
LH:5
BRDA:16,0,0,0
BRDA:16,0,1,2
BRF:2
BRH:1
end_of_record
TN:
SF:src/lib/entrypoints/get-entrypoint-schema.ts
FN:99,getEntryPointSchemaFromTezosNode
FN:121,(anonymous_2)
FNF:2
FNH:1
FNDA:5,getEntryPointSchemaFromTezosNode
FNDA:0,(anonymous_2)
DA:4,11
DA:5,11
DA:99,11
DA:105,5
DA:111,5
DA:113,0
DA:115,0
DA:117,0
DA:118,0
DA:121,0
DA:122,0
DA:123,0
DA:125,0
DA:132,0
LF:14
LH:5
BRDA:117,0,0,0
BRDA:117,0,1,0
BRDA:122,1,0,0
BRDA:122,1,1,0
BRF:4
BRH:0
end_of_record
TN:
SF:src/lib/generate-path-object/index.ts
FN:48,(anonymous_1)
FN:71,generatePathObject
FN:93,(anonymous_3)
FN:113,generatePathItemSchema
FN:168,generateSchemaObject
FN:221,handleObjectCase
FN:227,(anonymous_7)
FN:247,handleMapCase
FNF:8
FNH:6
FNDA:5,(anonymous_1)
FNDA:2,generatePathObject
FNDA:0,(anonymous_3)
FNDA:0,generatePathItemSchema
FNDA:15,generateSchemaObject
FNDA:3,handleObjectCase
FNDA:6,(anonymous_7)
FNDA:1,handleMapCase
DA:1,5
DA:6,5
DA:7,5
DA:9,5
DA:11,5
DA:48,5
DA:49,5
DA:50,5
DA:71,5
DA:76,2
DA:81,2
DA:86,0
DA:91,0
DA:93,0
DA:94,0
DA:98,0
DA:101,0
DA:118,0
DA:121,0
DA:135,0
DA:136,0
DA:137,0
DA:140,0
DA:168,5
DA:171,15
DA:172,3
DA:175,12
DA:177,1
DA:181,1
DA:188,1
DA:192,1
DA:196,2
DA:200,3
DA:204,2
DA:208,1
DA:222,3
DA:223,1
DA:226,2
DA:228,6
DA:232,2
DA:248,1
LF:41
LH:29
BRDA:48,0,0,5
BRDA:48,0,1,5
BRDA:118,1,0,0
BRDA:118,1,1,0
BRDA:122,2,0,0
BRDA:122,2,1,0
BRDA:135,3,0,0
BRDA:135,3,1,0
BRDA:171,4,0,3
BRDA:171,4,1,12
BRDA:176,5,0,1
BRDA:176,5,1,1
BRDA:176,5,2,1
BRDA:176,5,3,1
BRDA:176,5,4,2
BRDA:176,5,5,3
BRDA:176,5,6,2
BRDA:176,5,7,1
BRDA:222,6,0,1
BRDA:222,6,1,2
BRF:20
BRH:14
end_of_record
TN:
SF:src/lib/jobs/forge-operation.ts
FN:48,forgeOperation
FN:72,(anonymous_2)
FN:131,createParametersJson
FN:154,getEstimationForNode
FN:183,getOperationContentsTransactionWithParametersJson
FN:203,(anonymous_6)
FN:223,(anonymous_7)
FN:249,getATransactionParameters
FNF:8
FNH:4
FNDA:9,forgeOperation
FNDA:0,(anonymous_2)
FNDA:0,createParametersJson
FNDA:0,getEstimationForNode
FNDA:9,getOperationContentsTransactionWithParametersJson
FNDA:12,(anonymous_6)
FNDA:0,(anonymous_7)
FNDA:12,getATransactionParameters
DA:1,12
DA:2,12
DA:6,12
DA:7,12
DA:10,12
DA:12,12
DA:13,12
DA:14,12
DA:15,12
DA:23,12
DA:48,12
DA:53,9
DA:54,9
DA:61,9
DA:66,0
DA:71,0
DA:72,0
DA:75,0
DA:80,0
DA:84,0
DA:86,0
DA:91,0
DA:99,0
DA:108,0
DA:110,9
DA:111,1
DA:114,8
DA:119,8
DA:135,0
DA:158,0
DA:160,0
DA:161,0
DA:169,0
DA:187,9
DA:191,9
DA:192,1
DA:195,8
DA:197,8
DA:202,8
DA:204,12
DA:208,0
DA:212,0
DA:217,0
DA:219,0
DA:221,0
DA:223,0
DA:224,0
DA:253,12
DA:255,0
LF:49
LH:26
BRDA:96,0,0,0
BRDA:96,0,1,0
BRDA:110,1,0,1
BRDA:110,1,1,8
BRDA:138,2,0,0
BRDA:138,2,1,0
BRDA:191,3,0,1
BRDA:191,3,1,8
BRF:8
BRH:4
end_of_record
TN:
SF:src/lib/jobs/inject-operation.ts
FN:33,injectOperation
FN:66,(anonymous_2)
FNF:2
FNH:0
FNDA:0,injectOperation
FNDA:0,(anonymous_2)
DA:1,2
DA:2,2
DA:6,2
DA:7,2
DA:9,2
DA:13,2
DA:15,2
DA:18,2
DA:33,2
DA:43,0
DA:44,0
DA:46,0
DA:53,0
DA:59,0
DA:60,0
DA:65,0
DA:67,0
DA:81,0
DA:86,0
DA:92,0
DA:96,0
DA:100,0
DA:105,0
DA:111,0
DA:112,0
DA:115,0
DA:116,0
DA:124,0
DA:125,0
DA:129,0
DA:132,0
DA:137,0
LF:32
LH:9
BRDA:59,0,0,0
BRDA:59,0,1,0
BRDA:111,1,0,0
BRDA:111,1,1,0
BRDA:115,2,0,0
BRDA:115,2,1,0
BRDA:124,3,0,0
BRDA:124,3,1,0
BRF:8
BRH:0
end_of_record
TN:
SF:src/lib/jobs/send-transactions.ts
FN:44,sendTransactionsToQueue
FN:100,sendTransactions
FN:208,getOperationHashFromTezos
FN:249,getContractMethodByTransactionDetails
FN:267,insertTransactions
FN:276,(anonymous_5)
FNF:6
FNH:6
FNDA:2,sendTransactionsToQueue
FNDA:5,sendTransactions
FNDA:4,getOperationHashFromTezos
FNDA:5,getContractMethodByTransactionDetails
FNDA:2,insertTransactions
FNDA:3,(anonymous_5)
DA:3,11
DA:7,11
DA:18,11
DA:19,11
DA:21,11
DA:22,11
DA:23,11
DA:24,11
DA:27,11
DA:44,11
DA:50,2
DA:53,2
DA:57,2
DA:58,2
DA:60,2
DA:65,2
DA:71,1
DA:76,1
DA:78,1
DA:83,1
DA:100,11
DA:111,5
DA:112,5
DA:114,5
DA:121,5
DA:123,5
DA:124,0
DA:126,5
DA:132,5
DA:134,4
DA:140,2
DA:145,2
DA:147,2
DA:148,0
DA:151,2
DA:159,2
DA:164,2
DA:171,2
DA:176,3
DA:177,3
DA:185,3
DA:186,0
DA:189,3
DA:194,3
DA:213,4
DA:214,3
DA:223,1
DA:225,1
DA:226,2
DA:235,1
DA:254,5
DA:256,3
DA:274,2
DA:277,3
LF:54
LH:51
BRDA:123,0,0,0
BRDA:123,0,1,5
BRDA:147,1,0,0
BRDA:147,1,1,2
BRDA:147,2,0,2
BRDA:147,2,1,2
BRDA:156,3,0,0
BRDA:156,3,1,2
BRDA:176,4,0,3
BRDA:176,4,1,0
BRDA:185,5,0,0
BRDA:185,5,1,3
BRDA:213,6,0,3
BRDA:213,6,1,1
BRDA:283,7,0,1
BRDA:283,7,1,2
BRF:16
BRH:11
end_of_record
TN:
SF:src/lib/smart-contracts/get-contract-schema.ts
FN:11,getContractParameterSchema
FNF:1
FNH:1
FNDA:2,getContractParameterSchema
DA:11,5
DA:15,2
DA:17,0
LF:3
LH:2
BRF:0
BRH:0
end_of_record
TN:
SF:src/lib/smart-contracts/index.ts
FN:28,getContractMethod
FN:70,getTransferToParams
FN:108,computeEntryPointArgs
FN:115,(anonymous_4)
FN:116,(anonymous_5)
FN:136,convertParameterToMap
FN:143,(anonymous_7)
FNF:7
FNH:7
FNDA:10,getContractMethod
FNDA:2,getTransferToParams
FNDA:7,computeEntryPointArgs
FNDA:11,(anonymous_4)
FNDA:9,(anonymous_5)
FNDA:3,convertParameterToMap
FNDA:2,(anonymous_7)
DA:1,14
DA:2,14
DA:13,14
DA:28,14
DA:34,10
DA:35,1
DA:38,9
DA:39,2
DA:42,7
DA:44,7
DA:47,7
DA:52,7
DA:54,5
DA:55,2
DA:58,3
DA:70,14
DA:76,2
DA:112,7
DA:114,7
DA:115,11
DA:117,9
DA:119,9
DA:126,5
DA:137,3
DA:138,1
DA:141,2
DA:143,2
DA:144,2
DA:145,1
DA:148,1
DA:151,1
LF:31
LH:31
BRDA:34,0,0,1
BRDA:34,0,1,9
BRDA:38,1,0,2
BRDA:38,1,1,7
BRDA:38,2,0,9
BRDA:38,2,1,8
BRDA:54,3,0,2
BRDA:54,3,1,3
BRDA:121,4,0,3
BRDA:121,4,1,6
BRDA:137,5,0,1
BRDA:137,5,1,2
BRDA:144,6,0,1
BRDA:144,6,1,1
BRF:14
BRH:14
end_of_record
TN:
SF:src/lib/storage/convert-storage.ts
FN:74,convertDeepLayerDataFieldToStorageResponseValue
FN:85,(anonymous_2)
FN:139,handleObjectDataField
FN:190,convertStorage
FN:198,(anonymous_5)
FN:199,(anonymous_6)
FNF:6
FNH:0
FNDA:0,convertDeepLayerDataFieldToStorageResponseValue
FNDA:0,(anonymous_2)
FNDA:0,handleObjectDataField
FNDA:0,convertStorage
FNDA:0,(anonymous_5)
FNDA:0,(anonymous_6)
DA:2,13
DA:3,13
DA:5,13
DA:6,13
DA:12,13
DA:79,0
DA:84,0
DA:86,0
DA:87,0
DA:88,0
DA:90,0
DA:91,0
DA:93,0
DA:94,0
DA:95,0
DA:99,0
DA:100,0
DA:103,0
DA:104,0
DA:110,0
DA:111,0
DA:117,0
DA:144,0
DA:146,0
DA:148,0
DA:149,0
DA:157,0
DA:161,0
DA:170,0
DA:190,13
DA:195,0
DA:196,0
DA:198,0
DA:200,0
DA:201,0
DA:204,0
DA:206,0
DA:214,0
DA:223,0
DA:225,0
DA:229,0
LF:41
LH:6
BRDA:87,0,0,0
BRDA:87,0,1,0
BRDA:99,1,0,0
BRDA:99,1,1,0
BRDA:103,2,0,0
BRDA:103,2,1,0
BRDA:110,3,0,0
BRDA:110,3,1,0
BRDA:121,4,0,0
BRDA:121,4,1,0
BRDA:148,5,0,0
BRDA:148,5,1,0
BRDA:157,6,0,0
BRDA:157,6,1,0
BRDA:158,7,0,0
BRDA:158,7,1,0
BRDA:200,8,0,0
BRDA:200,8,1,0
BRDA:204,9,0,0
BRDA:204,9,1,0
BRF:20
BRH:0
end_of_record
TN:
SF:src/lib/storage/generate-storage-response.ts
FN:20,convertMichelsonMapToArrayObject
FN:55,convertStorageValueToStorageResponseValue
FN:96,generateStorageResponse
FN:99,(anonymous_4)
FNF:4
FNH:2
FNDA:2,convertMichelsonMapToArrayObject
FNDA:1,convertStorageValueToStorageResponseValue
FNDA:0,generateStorageResponse
FNDA:0,(anonymous_4)
DA:1,13
DA:2,13
DA:3,13
DA:7,13
DA:20,13
DA:23,2
DA:25,2
DA:27,2
DA:28,3
DA:30,3
DA:31,2
DA:35,1
DA:39,1
DA:45,2
DA:55,13
DA:56,1
DA:57,0
DA:59,0
DA:66,1
DA:67,0
DA:73,1
DA:74,0
DA:77,1
DA:96,13
DA:99,0
DA:100,0
DA:103,0
LF:27
LH:20
BRDA:30,0,0,2
BRDA:30,0,1,1
BRDA:36,1,0,0
BRDA:36,1,1,1
BRDA:56,2,0,0
BRDA:56,2,1,1
BRDA:66,3,0,0
BRDA:66,3,1,1
BRDA:73,4,0,0
BRDA:73,4,1,1
BRF:10
BRH:6
end_of_record
TN:
SF:src/lib/storage/get-contract-storage.ts
FN:18,getContractStorageFromTezosNode
FN:44,getContractStorageObjectFromTezosNode
FNF:2
FNH:2
FNDA:17,getContractStorageFromTezosNode
FNDA:3,getContractStorageObjectFromTezosNode
DA:5,13
DA:7,13
DA:8,13
DA:18,13
DA:23,17
DA:24,17
DA:26,0
DA:28,17
DA:29,16
DA:33,16
DA:36,1
DA:40,1
DA:44,13
DA:50,3
DA:56,0
DA:61,0
DA:62,0
DA:65,0
LF:18
LH:13
BRDA:28,0,0,16
BRDA:28,0,1,1
BRDA:28,1,0,17
BRDA:28,1,1,16
BRDA:61,2,0,0
BRDA:61,2,1,0
BRF:6
BRH:4
end_of_record
TN:
SF:src/lib/user/create-account.ts
FN:19,createAccounts
FN:50,(anonymous_1)
FN:96,(anonymous_2)
FN:101,(anonymous_3)
FN:116,(anonymous_4)
FN:121,(anonymous_5)
FN:142,(anonymous_6)
FNF:7
FNH:5
FNDA:2,createAccounts
FNDA:2,(anonymous_1)
FNDA:1,(anonymous_2)
FNDA:3,(anonymous_3)
FNDA:0,(anonymous_4)
FNDA:0,(anonymous_5)
FNDA:2,(anonymous_6)
DA:1,9
DA:3,9
DA:4,9
DA:5,9
DA:19,9
DA:23,2
DA:24,2
DA:29,2
DA:30,2
DA:31,2
DA:36,2
DA:42,2
DA:44,1
DA:49,1
DA:51,2
DA:62,1
DA:67,1
DA:69,1
DA:74,1
DA:76,1
DA:81,1
DA:96,9
DA:100,1
DA:101,3
DA:116,9
DA:120,0
DA:122,0
DA:142,9
DA:147,2
DA:149,1
DA:150,2
DA:151,2
DA:153,2
DA:155,2
DA:159,2
DA:164,2
DA:167,2
DA:169,2
DA:173,2
DA:177,2
LF:40
LH:38
BRF:0
BRH:0
end_of_record
TN:
SF:src/lib/user/get-user-account.ts
FN:16,getUserAccounts
FN:29,(anonymous_2)
FNF:2
FNH:2
FNDA:2,getUserAccounts
FNDA:4,(anonymous_2)
DA:1,9
DA:3,9
DA:4,9
DA:5,9
DA:6,9
DA:7,9
DA:8,9
DA:16,9
DA:19,2
DA:20,2
DA:27,2
DA:28,2
DA:31,4
DA:32,4
DA:34,1
DA:35,1
DA:41,3
DA:42,0
DA:44,3
DA:45,3
DA:47,3
DA:52,3
DA:57,3
DA:64,0
DA:69,0
LF:25
LH:22
BRDA:34,0,0,1
BRDA:34,0,1,0
BRDA:41,1,0,0
BRDA:41,1,1,3
BRF:4
BRH:2
end_of_record
TN:
SF:src/lib/user/get-user-by-address.ts
FN:14,getUserByAddress
FN:27,(anonymous_1)
FNF:2
FNH:2
FNDA:2,getUserByAddress
FNDA:4,(anonymous_1)
DA:1,9
DA:3,9
DA:4,9
DA:5,9
DA:6,9
DA:14,9
DA:17,2
DA:18,2
DA:25,2
DA:26,2
DA:29,4
DA:30,4
DA:32,1
DA:33,1
DA:39,3
DA:40,0
DA:43,3
DA:50,0
DA:55,0
LF:19
LH:16
BRDA:32,0,0,1
BRDA:32,0,1,0
BRDA:39,1,0,0
BRDA:39,1,1,3
BRF:4
BRH:2
end_of_record
TN:
SF:src/models/jobs.ts
FN:19,insertJob
FN:44,selectJobs
FN:64,updateOperationHash
FN:84,updateJobStatus
FN:104,updateJobStatusAndOperationHash
FN:126,updateJobStatusAndErrorMessage
FN:144,selectPublishedJobsWithOperationHash
FNF:7
FNH:7
FNDA:26,insertJob
FNDA:14,selectJobs
FNDA:3,updateOperationHash
FNDA:1,updateJobStatus
FNDA:5,updateJobStatusAndOperationHash
FNDA:4,updateJobStatusAndErrorMessage
FNDA:4,selectPublishedJobsWithOperationHash
DA:3,18
DA:4,18
DA:7,18
DA:19,18
DA:27,26
DA:44,18
DA:49,14
DA:51,14
DA:64,18
DA:69,3
DA:84,18
DA:89,1
DA:104,18
DA:110,5
DA:126,18
DA:132,4
DA:144,18
DA:147,4
LF:18
LH:18
BRDA:30,0,0,24
BRDA:30,0,1,2
BRDA:31,1,0,0
BRDA:31,1,1,26
BRDA:49,2,0,12
BRDA:49,2,1,2
BRF:6
BRH:5
end_of_record
TN:
SF:src/models/transactions.ts
FN:18,insertTransactions
FN:26,(anonymous_1)
FN:65,insertTransactionWithParametersJson
FN:98,selectTransaction
FNF:4
FNH:4
FNDA:8,insertTransactions
FNDA:9,(anonymous_1)
FNDA:7,insertTransactionWithParametersJson
FNDA:3,selectTransaction
DA:3,17
DA:7,17
DA:18,17
DA:25,8
DA:37,9
DA:48,8
DA:65,17
DA:81,7
DA:98,17
DA:103,3
DA:105,3
LF:11
LH:11
BRDA:103,0,0,1
BRDA:103,0,1,2
BRF:2
BRH:2
end_of_record
TN:
SF:src/processes/abstract-process.ts
FN:15,signalHandler
FN:19,(anonymous_1)
FN:24,errorHandler
FN:28,(anonymous_3)
FN:41,(anonymous_4)
FN:46,(anonymous_5)
FN:49,(anonymous_6)
FN:53,(anonymous_7)
FN:65,(anonymous_8)
FN:81,(anonymous_9)
FN:95,(anonymous_10)
FN:107,(anonymous_11)
FN:109,(anonymous_12)
FN:111,(anonymous_13)
FN:117,(anonymous_14)
FN:121,(anonymous_15)
FNF:16
FNH:2
FNDA:0,signalHandler
FNDA:0,(anonymous_1)
FNDA:0,errorHandler
FNDA:0,(anonymous_3)
FNDA:12,(anonymous_4)
FNDA:0,(anonymous_5)
FNDA:0,(anonymous_6)
FNDA:17,(anonymous_7)
FNDA:0,(anonymous_8)
FNDA:0,(anonymous_9)
FNDA:0,(anonymous_10)
FNDA:0,(anonymous_11)
FNDA:0,(anonymous_12)
FNDA:0,(anonymous_13)
FNDA:0,(anonymous_14)
FNDA:0,(anonymous_15)
DA:15,12
DA:19,0
DA:20,0
DA:24,12
DA:28,0
DA:29,0
DA:39,12
DA:42,12
DA:43,12
DA:47,0
DA:50,0
DA:54,17
DA:66,0
DA:68,0
DA:70,0
DA:71,0
DA:72,0
DA:74,0
DA:80,0
DA:81,0
DA:85,0
DA:87,0
DA:99,0
DA:101,0
DA:102,0
DA:104,0
DA:106,0
DA:108,0
DA:109,0
DA:112,0
DA:117,0
DA:122,0
DA:123,0
DA:124,0
LF:34
LH:6
BRDA:101,0,0,0
BRDA:101,0,1,0
BRDA:109,1,0,0
BRDA:109,1,1,0
BRF:4
BRH:0
end_of_record
TN:
SF:src/processes/generated-api-web/index.ts
FNF:0
FNH:0
DA:1,0
DA:2,0
DA:5,0
DA:6,0
DA:9,0
DA:14,0
DA:17,0
DA:19,0
DA:20,0
DA:22,0
DA:23,0
DA:24,0
LF:12
LH:0
BRDA:22,0,0,0
BRDA:22,0,1,0
BRF:2
BRH:0
end_of_record
TN:
SF:src/processes/generated-api-web/web-process.ts
FN:41,(anonymous_7)
FN:52,(anonymous_8)
FN:56,(anonymous_9)
FN:60,(anonymous_10)
FN:64,(anonymous_11)
FN:68,(anonymous_12)
FN:72,(anonymous_13)
FN:76,(anonymous_14)
FN:86,(anonymous_15)
FN:138,(anonymous_16)
FN:146,(anonymous_17)
FN:155,(anonymous_18)
FN:160,(anonymous_19)
FN:183,(anonymous_20)
FN:203,(anonymous_21)
FN:217,(anonymous_22)
FNF:16
FNH:8
FNDA:2,(anonymous_7)
FNDA:2,(anonymous_8)
FNDA:2,(anonymous_9)
FNDA:0,(anonymous_10)
FNDA:2,(anonymous_11)
FNDA:0,(anonymous_12)
FNDA:1,(anonymous_13)
FNDA:7,(anonymous_14)
FNDA:2,(anonymous_15)
FNDA:2,(anonymous_16)
FNDA:0,(anonymous_17)
FNDA:0,(anonymous_18)
FNDA:0,(anonymous_19)
FNDA:0,(anonymous_20)
FNDA:0,(anonymous_21)
FNDA:0,(anonymous_22)
DA:1,2
DA:2,2
DA:3,2
DA:4,2
DA:5,2
DA:8,2
DA:9,2
DA:10,2
DA:11,2
DA:17,2
DA:18,2
DA:19,2
DA:20,2
DA:21,2
DA:22,2
DA:23,2
DA:31,2
DA:35,2
DA:42,2
DA:43,2
DA:44,2
DA:45,2
DA:47,2
DA:48,2
DA:49,2
DA:53,2
DA:57,2
DA:61,0
DA:65,2
DA:69,0
DA:73,1
DA:77,7
DA:87,2
DA:88,0
DA:89,0
DA:92,2
DA:93,2
DA:95,0
DA:97,0
DA:104,0
DA:110,0
DA:112,0
DA:120,0
DA:122,0
DA:123,0
DA:124,0
DA:129,0
DA:139,2
DA:140,2
DA:143,0
DA:144,0
DA:146,0
DA:147,0
DA:149,0
DA:156,0
DA:157,0
DA:158,0
DA:160,0
DA:161,0
DA:162,0
DA:166,0
DA:168,0
DA:169,0
DA:172,0
DA:175,0
DA:177,0
DA:184,0
DA:186,0
DA:191,0
DA:200,0
DA:204,0
DA:218,0
LF:72
LH:35
BRDA:87,0,0,0
BRDA:87,0,1,2
BRDA:139,1,0,2
BRDA:139,1,1,0
BRDA:168,2,0,0
BRDA:168,2,1,0
BRF:6
BRH:2
end_of_record
TN:
SF:src/processes/generated-api-web/api/index.ts
FN:12,setupRoutes
FNF:1
FNH:0
FNDA:0,setupRoutes
DA:1,2
DA:3,2
DA:4,2
DA:5,2
DA:12,2
DA:19,0
DA:21,0
DA:28,0
DA:29,0
DA:31,0
DA:33,0
LF:11
LH:5
BRF:0
BRH:0
end_of_record
TN:
SF:src/processes/generated-api-web/api/controllers/forge-job-controller.ts
FN:15,forgeOperationAndCreateJob
FN:19,(anonymous_2)
FNF:2
FNH:0
FNDA:0,forgeOperationAndCreateJob
FNDA:0,(anonymous_2)
DA:2,2
DA:3,2
DA:4,2
DA:5,2
DA:9,2
DA:10,2
DA:12,2
DA:19,0
DA:20,0
DA:21,0
DA:23,0
DA:31,0
DA:33,0
DA:40,0
DA:42,0
DA:49,0
DA:59,0
DA:61,0
DA:62,0
DA:63,0
DA:67,0
DA:70,0
DA:75,2
LF:23
LH:8
BRDA:61,0,0,0
BRDA:61,0,1,0
BRDA:63,1,0,0
BRDA:63,1,1,0
BRDA:64,2,0,0
BRDA:64,2,1,0
BRF:6
BRH:0
end_of_record
TN:
SF:src/processes/generated-api-web/api/controllers/index.ts
FN:18,registerRoutes
FN:29,(anonymous_2)
FN:39,(anonymous_3)
FNF:3
FNH:0
FNDA:0,registerRoutes
FNDA:0,(anonymous_2)
FNDA:0,(anonymous_3)
DA:3,2
DA:4,2
DA:5,2
DA:10,2
DA:18,2
DA:25,0
DA:29,0
DA:30,0
DA:39,0
DA:40,0
DA:49,0
DA:57,0
LF:12
LH:5
BRF:0
BRH:0
end_of_record
TN:
SF:src/processes/generated-api-web/api/controllers/send-job-controller.ts
FN:13,sendTransactionsAndCreateJob
FN:17,(anonymous_8)
FNF:2
FNH:0
FNDA:0,sendTransactionsAndCreateJob
FNDA:0,(anonymous_8)
DA:2,2
DA:3,2
DA:4,2
DA:5,2
DA:6,2
DA:7,2
DA:9,2
DA:11,2
DA:17,0
DA:18,0
DA:19,0
DA:21,0
DA:26,0
DA:28,0
DA:35,0
DA:41,0
DA:43,0
DA:48,0
DA:55,0
DA:57,0
DA:58,0
DA:61,0
DA:66,2
LF:23
LH:9
BRDA:57,0,0,0
BRDA:57,0,1,0
BRF:2
BRH:0
end_of_record
TN:
SF:src/processes/web/index.ts
FNF:0
FNH:0
DA:1,0
DA:2,0
DA:3,0
DA:4,0
DA:7,0
DA:8,0
DA:11,0
DA:16,0
DA:19,0
DA:21,0
DA:22,0
DA:23,0
LF:12
LH:0
BRDA:21,0,0,0
BRDA:21,0,1,0
BRF:2
BRH:0
end_of_record
TN:
SF:src/processes/web/web-process.ts
FN:35,(anonymous_7)
FN:48,(anonymous_8)
FN:52,(anonymous_9)
FN:56,(anonymous_10)
FN:60,(anonymous_11)
FN:64,(anonymous_12)
FN:68,(anonymous_13)
FN:72,(anonymous_14)
FN:82,(anonymous_15)
FN:116,(anonymous_16)
FN:124,(anonymous_17)
FN:133,(anonymous_18)
FN:138,(anonymous_19)
FN:161,(anonymous_20)
FN:179,(anonymous_21)
FNF:15
FNH:11
FNDA:8,(anonymous_7)
FNDA:8,(anonymous_8)
FNDA:8,(anonymous_9)
FNDA:0,(anonymous_10)
FNDA:8,(anonymous_11)
FNDA:0,(anonymous_12)
FNDA:2,(anonymous_13)
FNDA:30,(anonymous_14)
FNDA:8,(anonymous_15)
FNDA:8,(anonymous_16)
FNDA:0,(anonymous_17)
FNDA:8,(anonymous_18)
FNDA:47,(anonymous_19)
FNDA:8,(anonymous_20)
FNDA:0,(anonymous_21)
DA:1,8
DA:2,8
DA:3,8
DA:4,8
DA:5,8
DA:6,8
DA:9,8
DA:10,8
DA:11,8
DA:12,8
DA:13,8
DA:14,8
DA:15,8
DA:16,8
DA:17,8
DA:25,8
DA:29,8
DA:36,8
DA:37,8
DA:38,8
DA:39,8
DA:41,8
DA:42,8
DA:43,8
DA:45,8
DA:49,8
DA:53,8
DA:57,0
DA:61,8
DA:65,0
DA:69,2
DA:73,30
DA:83,8
DA:84,0
DA:85,0
DA:88,8
DA:89,8
DA:91,0
DA:98,0
DA:100,0
DA:101,0
DA:102,0
DA:107,0
DA:117,8
DA:118,8
DA:121,0
DA:122,0
DA:124,0
DA:125,0
DA:127,0
DA:134,8
DA:135,8
DA:136,8
DA:138,8
DA:139,47
DA:140,47
DA:144,47
DA:146,47
DA:147,0
DA:150,47
DA:153,8
DA:155,8
DA:162,8
DA:164,8
DA:173,8
DA:180,0
LF:66
LH:49
BRDA:83,0,0,0
BRDA:83,0,1,8
BRDA:117,1,0,8
BRDA:117,1,1,0
BRDA:146,2,0,0
BRDA:146,2,1,47
BRF:6
BRH:3
end_of_record
TN:
SF:src/processes/web/api/index.ts
FN:11,setupRoutes
FNF:1
FNH:0
FNDA:0,setupRoutes
DA:1,8
DA:3,8
DA:4,8
DA:8,8
DA:9,8
DA:11,8
DA:17,0
DA:19,0
DA:20,0
DA:21,0
DA:22,0
DA:24,0
DA:26,0
LF:13
LH:6
BRF:0
BRH:0
end_of_record
TN:
SF:src/processes/web/api/entrypoints/index.ts
FN:13,registerEntryPointsRoutes
FNF:1
FNH:0
FNDA:0,registerEntryPointsRoutes
DA:4,10
DA:13,10
DA:17,0
DA:24,0
LF:4
LH:2
BRF:0
BRH:0
end_of_record
TN:
SF:src/processes/web/api/entrypoints/retrieve-entrypoint-schema-controller.ts
FN:10,retrieveEntryPointsSchemaFromTezosNode
FN:11,(anonymous_2)
FNF:2
FNH:0
FNDA:0,retrieveEntryPointsSchemaFromTezosNode
FNDA:0,(anonymous_2)
DA:2,10
DA:3,10
DA:5,10
DA:7,10
DA:8,10
DA:11,0
DA:12,0
DA:13,0
DA:14,0
DA:16,0
DA:25,0
DA:27,0
DA:34,0
DA:36,0
DA:37,0
DA:40,0
DA:45,10
LF:17
LH:6
BRDA:36,0,0,0
BRDA:36,0,1,0
BRF:2
BRH:0
end_of_record
TN:
SF:src/processes/web/api/jobs/forge-job-controller.ts
FN:14,forgeOperationAndCreateJob
FN:18,(anonymous_2)
FNF:2
FNH:0
FNDA:0,forgeOperationAndCreateJob
FNDA:0,(anonymous_2)
DA:2,8
DA:3,8
DA:4,8
DA:5,8
DA:9,8
DA:11,8
DA:18,0
DA:19,0
DA:20,0
DA:22,0
DA:31,0
DA:33,0
DA:40,0
DA:50,0
DA:52,0
DA:53,0
DA:54,0
DA:58,0
DA:61,0
DA:66,8
LF:20
LH:7
BRDA:52,0,0,0
BRDA:52,0,1,0
BRDA:54,1,0,0
BRDA:54,1,1,0
BRDA:55,2,0,0
BRDA:55,2,1,0
BRF:6
BRH:0
end_of_record
TN:
SF:src/processes/web/api/jobs/index.ts
FN:16,registerJobsRoutes
FNF:1
FNH:0
FNDA:0,registerJobsRoutes
DA:3,8
DA:4,8
DA:5,8
DA:16,8
DA:22,0
DA:30,0
DA:38,0
DA:46,0
LF:8
LH:4
BRF:0
BRH:0
end_of_record
TN:
SF:src/processes/web/api/jobs/inject-job-controller.ts
FN:12,injectOperationAndUpdateJob
FN:16,(anonymous_2)
FNF:2
FNH:0
FNDA:0,injectOperationAndUpdateJob
FNDA:0,(anonymous_2)
DA:2,10
DA:3,10
DA:5,10
DA:6,10
DA:8,10
DA:10,10
DA:16,0
DA:17,0
DA:18,0
DA:20,0
DA:29,0
DA:31,0
DA:32,0
DA:36,0
DA:42,0
DA:44,0
DA:45,0
DA:48,0
DA:53,10
LF:19
LH:7
BRDA:31,0,0,0
BRDA:31,0,1,0
BRDA:44,1,0,0
BRDA:44,1,1,0
BRF:4
BRH:0
end_of_record
TN:
SF:src/processes/web/api/jobs/send-job-controller.ts
FN:13,sendTransactionsAndCreateJob
FN:17,(anonymous_8)
FNF:2
FNH:0
FNDA:0,sendTransactionsAndCreateJob
FNDA:0,(anonymous_8)
DA:2,8
DA:3,8
DA:4,8
DA:5,8
DA:7,8
DA:9,8
DA:11,8
DA:17,0
DA:18,0
DA:23,0
DA:25,0
DA:30,0
DA:36,0
DA:38,0
DA:43,0
DA:50,0
DA:52,0
DA:53,0
DA:56,0
DA:61,8
LF:20
LH:8
BRDA:52,0,0,0
BRDA:52,0,1,0
BRF:2
BRH:0
end_of_record
TN:
SF:src/processes/web/api/storage/index.ts
FN:13,registerStorageRoutes
FNF:1
FNH:0
FNDA:0,registerStorageRoutes
DA:3,10
DA:13,10
DA:17,0
DA:24,0
LF:4
LH:2
BRF:0
BRH:0
end_of_record
TN:
SF:src/processes/web/api/storage/retrieve-contract-storage-controller.ts
FN:11,retrieveContractStorageFromTezosNode
FN:12,(anonymous_8)
FNF:2
FNH:0
FNDA:0,retrieveContractStorageFromTezosNode
FNDA:0,(anonymous_8)
DA:2,10
DA:3,10
DA:4,10
DA:6,10
DA:7,10
DA:9,10
DA:12,0
DA:13,0
DA:14,0
DA:15,0
DA:17,0
DA:18,0
DA:21,0
DA:29,0
DA:31,0
DA:38,0
DA:45,0
DA:47,0
DA:48,0
DA:53,0
DA:58,10
LF:21
LH:7
BRDA:17,0,0,0
BRDA:17,0,1,0
BRDA:47,1,0,0
BRDA:47,1,1,0
BRF:4
BRH:0
end_of_record
TN:
SF:src/processes/web/api/user/create-user-controller.ts
FN:8,createUser
FN:9,(anonymous_1)
FNF:2
FNH:0
FNDA:0,createUser
FNDA:0,(anonymous_1)
DA:2,8
DA:3,8
DA:5,8
DA:9,0
DA:10,0
DA:12,0
DA:13,0
DA:21,0
DA:23,0
DA:30,0
DA:38,0
DA:40,0
DA:45,8
LF:13
LH:4
BRF:0
BRH:0
end_of_record
TN:
SF:src/processes/web/api/user/get-user-by-address-controller.ts
FN:6,getUser
FN:7,(anonymous_1)
FNF:2
FNH:0
FNDA:0,getUser
FNDA:0,(anonymous_1)
DA:2,8
DA:3,8
DA:4,8
DA:7,0
DA:8,0
DA:10,0
DA:11,0
DA:18,0
DA:20,0
DA:22,0
DA:27,8
LF:11
LH:4
BRF:0
BRH:0
end_of_record
TN:
SF:src/processes/web/api/user/get-user-controller.ts
FN:6,getUser
FN:7,(anonymous_1)
FNF:2
FNH:0
FNDA:0,getUser
FNDA:0,(anonymous_1)
DA:2,8
DA:3,8
DA:4,8
DA:7,0
DA:8,0
DA:10,0
DA:11,0
DA:18,0
DA:20,0
DA:22,0
DA:27,8
LF:11
LH:4
BRF:0
BRH:0
end_of_record
TN:
SF:src/processes/web/api/user/index.ts
FN:15,registerUserRoutes
FNF:1
FNH:0
FNDA:0,registerUserRoutes
DA:4,8
DA:5,8
DA:6,8
DA:15,8
DA:19,0
DA:21,0
DA:26,0
DA:31,0
LF:8
LH:4
BRF:0
BRH:0
end_of_record
TN:
SF:src/processes/web/middleware/error-handler.ts
FN:13,errorHandler
FNF:1
FNH:0
FNDA:0,errorHandler
DA:2,10
DA:4,10
DA:13,10
LF:3
LH:3
BRF:0
BRH:0
end_of_record
TN:
SF:src/processes/workers/check-operation-status/check-operation-status-process.ts
FN:20,(anonymous_0)
FN:28,(anonymous_1)
FN:32,(anonymous_2)
FN:36,(anonymous_3)
FN:40,(anonymous_4)
FN:44,(anonymous_5)
FN:48,(anonymous_6)
FN:52,(anonymous_7)
FN:62,(anonymous_8)
FN:101,(anonymous_9)
FNF:10
FNH:8
FNDA:1,(anonymous_0)
FNDA:3,(anonymous_1)
FNDA:4,(anonymous_2)
FNDA:0,(anonymous_3)
FNDA:6,(anonymous_4)
FNDA:0,(anonymous_5)
FNDA:3,(anonymous_6)
FNDA:4,(anonymous_7)
FNDA:3,(anonymous_8)
FNDA:3,(anonymous_9)
DA:3,1
DA:4,1
DA:5,1
DA:6,1
DA:7,1
DA:8,1
DA:9,1
DA:10,1
DA:12,1
DA:13,1
DA:21,1
DA:22,1
DA:23,1
DA:24,1
DA:25,1
DA:29,3
DA:33,4
DA:37,0
DA:41,6
DA:45,0
DA:49,3
DA:53,4
DA:63,3
DA:64,0
DA:65,0
DA:68,3
DA:69,3
DA:70,3
DA:71,3
DA:73,0
DA:75,0
DA:82,0
DA:92,0
DA:93,0
DA:102,3
DA:103,0
DA:106,3
DA:107,3
DA:109,3
DA:111,3
LF:40
LH:30
BRDA:63,0,0,0
BRDA:63,0,1,3
BRDA:102,1,0,0
BRDA:102,1,1,3
BRF:4
BRH:2
end_of_record
TN:
SF:src/processes/workers/check-operation-status/index.ts
FN:24,(anonymous_6)
FNF:1
FNH:0
FNDA:0,(anonymous_6)
DA:1,0
DA:3,0
DA:4,0
DA:5,0
DA:6,0
DA:7,0
DA:10,0
DA:11,0
DA:14,0
DA:19,0
DA:22,0
DA:24,0
DA:25,0
DA:27,0
DA:29,0
DA:32,0
LF:16
LH:0
BRF:0
BRH:0
end_of_record
TN:
SF:src/processes/workers/check-operation-status/config/index.ts
FNF:0
FNH:0
DA:2,2
DA:4,2
DA:6,2
DA:16,2
DA:21,2
DA:31,2
LF:6
LH:6
BRDA:8,0,0,2
BRDA:8,0,1,2
BRDA:17,1,0,2
BRDA:17,1,1,2
BRDA:18,2,0,2
BRDA:18,2,1,0
BRDA:22,3,0,2
BRDA:22,3,1,2
BRDA:24,4,0,2
BRDA:24,4,1,2
BRDA:26,5,0,2
BRDA:26,5,1,2
BRDA:32,6,0,2
BRDA:32,6,1,2
BRF:14
BRH:13
end_of_record
TN:
SF:src/processes/workers/check-operation-status/lib/check-operation-status.ts
FN:27,checkOperationStatus
FN:44,(anonymous_1)
FN:75,(anonymous_2)
FNF:3
FNH:2
FNDA:3,checkOperationStatus
FNDA:4,(anonymous_1)
FNDA:0,(anonymous_2)
DA:5,2
DA:10,2
DA:11,2
DA:12,2
DA:14,2
DA:16,2
DA:27,2
DA:41,3
DA:43,3
DA:45,4
DA:46,4
DA:53,0
DA:58,0
DA:63,0
DA:69,0
DA:74,0
DA:76,0
DA:80,0
DA:94,0
DA:102,4
DA:103,1
LF:21
LH:13
BRDA:46,0,0,0
BRDA:46,0,1,0
BRDA:102,1,0,1
BRDA:102,1,1,3
BRF:4
BRH:2
end_of_record
TN:
SF:src/processes/workers/check-operation-status/lib/publish-confirmed-transaction-event.ts
FN:22,publishEventWhenTransactionsConfirmed
FNF:1
FNH:0
FNDA:0,publishEventWhenTransactionsConfirmed
DA:1,2
DA:6,2
DA:22,2
DA:27,0
DA:28,0
DA:31,0
LF:6
LH:3
BRDA:27,0,0,0
BRDA:27,0,1,0
BRF:2
BRH:0
end_of_record
TN:
SF:src/processes/workers/injection/index.ts
FNF:0
FNH:0
DA:1,0
DA:2,0
DA:3,0
DA:4,0
DA:5,0
DA:7,0
DA:9,0
DA:10,0
DA:13,0
DA:18,0
DA:21,0
DA:23,0
DA:25,0
DA:27,0
LF:14
LH:0
BRDA:7,0,0,0
BRDA:7,0,1,0
BRF:2
BRH:0
end_of_record
TN:
SF:src/processes/workers/injection/injection-consumer-process.ts
FN:19,(anonymous_0)
FN:26,(anonymous_1)
FN:30,(anonymous_2)
FN:34,(anonymous_3)
FN:38,(anonymous_4)
FN:42,(anonymous_5)
FN:52,(anonymous_6)
FN:94,(anonymous_7)
FNF:8
FNH:7
FNDA:1,(anonymous_0)
FNDA:4,(anonymous_1)
FNDA:11,(anonymous_2)
FNDA:0,(anonymous_3)
FNDA:3,(anonymous_4)
FNDA:16,(anonymous_5)
FNDA:4,(anonymous_6)
FNDA:4,(anonymous_7)
DA:3,1
DA:4,1
DA:6,1
DA:7,1
DA:8,1
DA:9,1
DA:10,1
DA:12,1
DA:13,1
DA:20,1
DA:21,1
DA:22,1
DA:23,1
DA:27,4
DA:31,11
DA:35,0
DA:39,3
DA:43,16
DA:53,4
DA:54,1
DA:55,1
DA:58,3
DA:59,3
DA:61,3
DA:80,3
DA:81,3
DA:83,3
DA:84,3
DA:86,3
DA:95,4
DA:96,1
DA:99,3
DA:100,3
DA:102,3
DA:104,3
LF:35
LH:34
BRDA:53,0,0,1
BRDA:53,0,1,3
BRDA:95,1,0,1
BRDA:95,1,1,3
BRF:4
BRH:4
end_of_record
TN:
SF:src/processes/workers/injection/config/index.ts
FNF:0
FNH:0
DA:2,1
DA:4,1
DA:9,1
LF:3
LH:3
BRDA:5,0,0,1
BRDA:5,0,1,1
BRDA:10,1,0,1
BRDA:10,1,1,1
BRDA:11,2,0,1
BRDA:11,2,1,0
BRF:6
BRH:5
end_of_record
TN:
SF:src/processes/workers/injection/lib/create-handler.ts
FN:6,createHandler
FN:10,(anonymous_1)
FNF:2
FNH:1
FNDA:3,createHandler
FNDA:0,(anonymous_1)
DA:4,1
DA:6,1
DA:10,3
DA:11,0
LF:4
LH:3
BRF:0
BRH:0
end_of_record
TN:
SF:src/processes/workers/send-transactions/index.ts
FNF:0
FNH:0
DA:1,0
DA:2,0
DA:3,0
DA:4,0
DA:5,0
DA:7,0
DA:9,0
DA:10,0
DA:13,0
DA:18,0
DA:21,0
DA:23,0
DA:25,0
DA:27,0
LF:14
LH:0
BRDA:7,0,0,0
BRDA:7,0,1,0
BRF:2
BRH:0
end_of_record
TN:
SF:src/processes/workers/send-transactions/send-transactions-consumer-process.ts
FN:19,(anonymous_0)
FN:26,(anonymous_1)
FN:30,(anonymous_2)
FN:34,(anonymous_3)
FN:38,(anonymous_4)
FN:42,(anonymous_5)
FN:52,(anonymous_6)
FN:117,(anonymous_7)
FNF:8
FNH:0
FNDA:0,(anonymous_0)
FNDA:0,(anonymous_1)
FNDA:0,(anonymous_2)
FNDA:0,(anonymous_3)
FNDA:0,(anonymous_4)
FNDA:0,(anonymous_5)
FNDA:0,(anonymous_6)
FNDA:0,(anonymous_7)
DA:3,0
DA:4,0
DA:5,0
DA:6,0
DA:7,0
DA:8,0
DA:10,0
DA:12,0
DA:13,0
DA:20,0
DA:21,0
DA:22,0
DA:23,0
DA:27,0
DA:31,0
DA:35,0
DA:39,0
DA:43,0
DA:53,0
DA:54,0
DA:55,0
DA:58,0
DA:59,0
DA:61,0
DA:99,0
DA:104,0
DA:106,0
DA:107,0
DA:109,0
DA:118,0
DA:119,0
DA:122,0
DA:123,0
DA:125,0
DA:127,0
LF:35
LH:0
BRDA:53,0,0,0
BRDA:53,0,1,0
BRDA:118,1,0,0
BRDA:118,1,1,0
BRF:4
BRH:0
end_of_record
TN:
SF:src/processes/workers/send-transactions/config/index.ts
FNF:0
FNH:0
DA:2,0
DA:4,0
DA:6,0
DA:11,0
DA:16,0
LF:5
LH:0
BRDA:7,0,0,0
BRDA:7,0,1,0
BRDA:12,1,0,0
BRDA:12,1,1,0
BRDA:13,2,0,0
BRDA:13,2,1,0
BRDA:17,3,0,0
BRDA:17,3,1,0
BRDA:19,4,0,0
BRDA:19,4,1,0
BRDA:21,5,0,0
BRDA:21,5,1,0
BRDA:25,6,0,0
BRDA:25,6,1,0
BRF:14
BRH:0
end_of_record
TN:
SF:src/processes/workers/send-transactions/lib/create-handler.ts
FN:8,createHandler
FN:13,(anonymous_1)
FNF:2
FNH:0
FNDA:0,createHandler
FNDA:0,(anonymous_1)
DA:4,0
DA:8,0
DA:13,0
DA:14,0
LF:4
LH:0
BRF:0
BRH:0
end_of_record
TN:
SF:src/scripts/activate-tezos-account/main.ts
FN:10,start
FNF:1
FNH:0
FNDA:0,start
DA:1,0
DA:3,0
DA:4,0
DA:5,0
DA:6,0
DA:7,0
DA:8,0
DA:11,0
DA:15,0
DA:16,0
DA:17,0
DA:18,0
DA:20,0
DA:22,0
DA:30,0
DA:31,0
LF:16
LH:0
BRDA:30,0,0,0
BRDA:30,0,1,0
BRF:2
BRH:0
end_of_record
TN:
SF:src/scripts/activate-tezos-account/config/index.ts
FNF:0
FNH:0
DA:1,1
DA:3,1
DA:7,1
DA:8,1
LF:4
LH:4
BRDA:4,0,0,1
BRDA:4,0,1,1
BRDA:7,1,0,1
BRDA:7,1,1,1
BRF:4
BRH:4
end_of_record
TN:
SF:src/scripts/activate-tezos-account/lib/index.ts
FN:18,createVaultKeys
FN:20,(anonymous_1)
FN:36,createTezosAccountsByVaultKeys
FNF:3
FNH:3
FNDA:1,createVaultKeys
FNDA:3,(anonymous_1)
FNDA:1,createTezosAccountsByVaultKeys
DA:4,1
DA:5,1
DA:6,1
DA:18,1
DA:19,1
DA:20,3
DA:36,1
DA:42,1
DA:44,1
DA:45,2
DA:46,2
DA:48,2
DA:50,2
DA:53,2
DA:58,2
DA:61,2
DA:63,2
DA:66,2
DA:70,2
LF:19
LH:19
BRF:0
BRH:0
end_of_record
TN:
SF:src/scripts/sign-transaction-with-InMemorySigner/main.ts
FN:6,start
FNF:1
FNH:0
FNDA:0,start
DA:1,0
DA:3,0
DA:4,0
DA:7,0
DA:12,0
DA:14,0
DA:19,0
DA:25,0
DA:26,0
LF:9
LH:0
BRDA:25,0,0,0
BRDA:25,0,1,0
BRF:2
BRH:0
end_of_record
TN:
SF:src/scripts/sign-transaction-with-InMemorySigner/config/index.ts
FNF:0
FNH:0
DA:1,0
DA:5,0
LF:2
LH:0
BRDA:2,0,0,0
BRDA:2,0,1,0
BRDA:5,1,0,0
BRDA:5,1,1,0
BRF:4
BRH:0
end_of_record
TN:
SF:src/services/amqp.ts
FN:28,(anonymous_1)
FN:33,(anonymous_2)
FN:37,(anonymous_3)
FN:41,(anonymous_4)
FN:45,(anonymous_5)
FN:53,(anonymous_6)
FN:60,(anonymous_7)
FN:71,(anonymous_8)
FN:100,(anonymous_9)
FN:117,(anonymous_10)
FN:136,(anonymous_11)
FN:162,(anonymous_12)
FN:181,(anonymous_13)
FN:191,(anonymous_14)
FN:218,(anonymous_15)
FNF:15
FNH:9
FNDA:23,(anonymous_1)
FNDA:0,(anonymous_2)
FNDA:2,(anonymous_3)
FNDA:0,(anonymous_4)
FNDA:1,(anonymous_5)
FNDA:5,(anonymous_6)
FNDA:24,(anonymous_7)
FNDA:19,(anonymous_8)
FNDA:9,(anonymous_9)
FNDA:0,(anonymous_10)
FNDA:0,(anonymous_11)
FNDA:1,(anonymous_12)
FNDA:0,(anonymous_13)
FNDA:3,(anonymous_14)
FNDA:0,(anonymous_15)
DA:1,15
DA:2,15
DA:6,15
DA:20,15
DA:29,23
DA:30,23
DA:34,0
DA:38,2
DA:42,0
DA:46,1
DA:54,5
DA:61,24
DA:63,0
DA:65,0
DA:72,19
DA:73,19
DA:75,0
DA:77,0
DA:78,0
DA:83,0
DA:84,0
DA:86,0
DA:91,19
DA:94,0
DA:101,9
DA:102,9
DA:103,0
DA:106,0
DA:109,9
DA:118,0
DA:119,0
DA:122,0
DA:142,0
DA:144,0
DA:149,0
DA:163,1
DA:164,1
DA:165,0
DA:168,1
DA:169,1
DA:171,0
DA:172,0
DA:181,0
DA:182,0
DA:192,3
DA:193,1
DA:195,2
DA:199,2
DA:201,1
DA:205,1
DA:222,0
DA:224,0
DA:226,0
DA:233,0
DA:234,0
DA:236,0
DA:237,0
DA:240,0
DA:245,0
DA:248,0
DA:249,0
DA:251,0
DA:257,0
LF:63
LH:26
BRDA:77,0,0,0
BRDA:77,0,1,0
BRDA:83,1,0,0
BRDA:83,1,1,0
BRDA:102,2,0,0
BRDA:102,2,1,9
BRDA:118,3,0,0
BRDA:118,3,1,0
BRDA:122,4,0,0
BRDA:122,4,1,0
BRDA:122,5,0,0
BRDA:122,5,1,0
BRDA:140,6,0,0
BRDA:164,7,0,0
BRDA:164,7,1,1
BRDA:164,8,0,1
BRDA:164,8,1,1
BRDA:168,9,0,1
BRDA:168,9,1,0
BRDA:173,10,0,0
BRDA:173,10,1,0
BRDA:173,11,0,0
BRDA:173,11,1,0
BRDA:173,12,0,0
BRDA:173,12,1,0
BRDA:178,13,0,0
BRDA:178,13,1,0
BRDA:178,14,0,0
BRDA:178,14,1,0
BRDA:181,15,0,0
BRDA:181,15,1,0
BRDA:181,16,0,0
BRDA:181,16,1,0
BRDA:192,17,0,1
BRDA:192,17,1,2
BRDA:199,18,0,1
BRDA:199,18,1,1
BRDA:222,19,0,0
BRDA:222,19,1,0
BRDA:236,20,0,0
BRDA:236,20,1,0
BRF:41
BRH:9
end_of_record
TN:
SF:src/services/gateway-pool.ts
FN:11,(anonymous_1)
FN:16,(anonymous_2)
FN:20,(anonymous_3)
FN:24,(anonymous_4)
FN:39,(anonymous_5)
FNF:5
FNH:4
FNDA:14,(anonymous_1)
FNDA:4,(anonymous_2)
FNDA:0,(anonymous_3)
FNDA:2,(anonymous_4)
FNDA:2,(anonymous_5)
DA:1,14
DA:4,14
DA:5,14
DA:7,14
DA:12,14
DA:13,14
DA:17,4
DA:21,0
DA:25,2
DA:26,2
DA:28,2
DA:30,0
DA:35,0
DA:40,2
DA:41,2
DA:42,2
DA:44,2
DA:45,0
DA:46,0
DA:48,0
DA:51,2
LF:21
LH:15
BRF:0
BRH:0
end_of_record
TN:
SF:src/services/indexer-pool.ts
FN:13,(anonymous_0)
FN:18,(anonymous_1)
FN:22,(anonymous_2)
FN:29,(anonymous_3)
FN:31,(anonymous_4)
FN:37,(anonymous_5)
FN:47,(anonymous_6)
FN:94,(anonymous_7)
FNF:8
FNH:8
FNDA:5,(anonymous_0)
FNDA:41,(anonymous_1)
FNDA:47,(anonymous_2)
FNDA:7,(anonymous_3)
FNDA:28,(anonymous_4)
FNDA:5,(anonymous_5)
FNDA:3,(anonymous_6)
FNDA:6,(anonymous_7)
DA:3,3
DA:4,3
DA:5,3
DA:6,3
DA:9,3
DA:14,5
DA:15,5
DA:19,41
DA:23,47
DA:30,7
DA:32,28
DA:38,5
DA:52,3
DA:53,5
DA:54,5
DA:56,4
DA:63,4
DA:67,3
DA:68,3
DA:69,3
DA:72,0
DA:74,2
DA:75,1
DA:83,2
DA:106,6
DA:107,8
DA:108,8
DA:110,7
DA:119,7
DA:125,3
DA:126,0
DA:129,3
DA:131,5
DA:132,1
DA:140,5
DA:143,1
LF:36
LH:34
BRDA:67,0,0,3
BRDA:67,0,1,0
BRDA:74,1,0,1
BRDA:74,1,1,1
BRDA:125,2,0,0
BRDA:125,2,1,3
BRDA:131,3,0,1
BRDA:131,3,1,4
BRF:8
BRH:6
end_of_record
TN:
SF:src/services/logger.ts
FN:4,createLogger
FNF:1
FNH:1
FNDA:52,createLogger
DA:1,31
DA:2,31
DA:4,31
DA:5,52
DA:19,31
LF:5
LH:5
BRF:0
BRH:0
end_of_record
TN:
SF:src/services/postgre.ts
FN:12,(anonymous_0)
FN:17,(anonymous_1)
FN:21,(anonymous_2)
FN:25,(anonymous_3)
FN:29,(anonymous_4)
FN:70,(anonymous_5)
FNF:6
FNH:5
FNDA:31,(anonymous_0)
FNDA:244,(anonymous_1)
FNDA:0,(anonymous_2)
FNDA:9,(anonymous_3)
FNDA:20,(anonymous_4)
FNDA:20,(anonymous_5)
DA:1,19
DA:4,19
DA:5,19
DA:6,19
DA:8,19
DA:13,31
DA:14,31
DA:18,244
DA:22,0
DA:26,9
DA:30,20
DA:31,2
DA:36,20
DA:45,20
DA:65,20
DA:71,20
DA:75,20
LF:17
LH:16
BRDA:12,0,0,12
BRDA:30,1,0,2
BRDA:30,1,1,18
BRF:3
BRH:3
end_of_record
TN:
SF:src/services/tezos.ts
FN:9,(anonymous_0)
FN:13,(anonymous_1)
FN:17,(anonymous_2)
FN:21,(anonymous_3)
FN:25,(anonymous_4)
FN:29,(anonymous_5)
FN:33,(anonymous_6)
FN:37,(anonymous_7)
FN:41,(anonymous_8)
FN:53,(anonymous_9)
FN:69,(anonymous_10)
FNF:11
FNH:7
FNDA:21,(anonymous_0)
FNDA:10,(anonymous_1)
FNDA:9,(anonymous_2)
FNDA:8,(anonymous_3)
FNDA:0,(anonymous_4)
FNDA:36,(anonymous_5)
FNDA:8,(anonymous_6)
FNDA:2,(anonymous_7)
FNDA:0,(anonymous_8)
FNDA:0,(anonymous_9)
FNDA:0,(anonymous_10)
DA:1,25
DA:6,25
DA:10,21
DA:14,10
DA:18,9
DA:22,8
DA:26,0
DA:30,36
DA:34,8
DA:38,2
DA:44,0
DA:45,0
DA:50,0
DA:58,0
DA:59,0
DA:70,0
LF:16
LH:9
BRF:0
BRH:0
end_of_record
TN:
SF:src/services/clients/abstract-client.ts
FN:18,(anonymous_0)
FN:23,(anonymous_1)
FN:33,(anonymous_2)
FNF:3
FNH:3
FNDA:56,(anonymous_0)
FNDA:73,(anonymous_1)
FNDA:23,(anonymous_2)
DA:14,21
DA:19,56
DA:20,56
DA:24,73
DA:34,23
DA:35,0
DA:36,0
DA:39,23
DA:40,8
DA:42,15
LF:10
LH:8
BRDA:34,0,0,0
BRDA:34,0,1,23
BRDA:39,1,0,8
BRDA:39,1,1,15
BRDA:39,2,0,23
BRDA:39,2,1,23
BRF:6
BRH:5
end_of_record
TN:
SF:src/services/clients/indexer-client.ts
FN:14,(anonymous_1)
FN:19,(anonymous_2)
FN:30,(anonymous_3)
FN:86,(anonymous_4)
FNF:4
FNH:4
FNDA:30,(anonymous_1)
FNDA:53,(anonymous_2)
FNDA:21,(anonymous_3)
FNDA:12,(anonymous_4)
DA:2,4
DA:3,4
DA:4,4
DA:5,4
DA:6,4
DA:9,4
DA:11,4
DA:15,30
DA:16,30
DA:20,53
DA:37,21
DA:39,21
DA:47,21
DA:49,21
DA:50,21
DA:56,3
DA:58,3
DA:59,3
DA:62,0
DA:67,0
DA:69,21
DA:70,12
DA:73,9
DA:91,12
DA:92,12
DA:96,4
DA:97,4
DA:102,0
DA:103,0
DA:105,8
DA:106,0
DA:112,8
LF:32
LH:27
BRDA:51,0,0,3
BRDA:51,0,1,18
BRDA:58,1,0,3
BRDA:58,1,1,0
BRDA:69,2,0,12
BRDA:69,2,1,9
BRDA:96,3,0,4
BRDA:96,3,1,0
BRDA:105,4,0,0
BRDA:105,4,1,8
BRF:10
BRH:7
end_of_record
TN:
SF:src/services/clients/vault-client.ts
FN:19,(anonymous_1)
FN:31,(anonymous_2)
FN:62,(anonymous_3)
FN:101,(anonymous_4)
FN:135,(anonymous_5)
FN:176,(anonymous_6)
FNF:6
FNH:5
FNDA:26,(anonymous_1)
FNDA:3,(anonymous_2)
FNDA:0,(anonymous_3)
FNDA:6,(anonymous_4)
FNDA:4,(anonymous_5)
FNDA:22,(anonymous_6)
DA:1,17
DA:2,17
DA:5,17
DA:7,17
DA:9,17
DA:16,17
DA:20,26
DA:21,26
DA:32,3
DA:34,3
DA:35,3
DA:42,2
DA:44,2
DA:45,1
DA:67,0
DA:72,0
DA:73,0
DA:82,0
DA:84,0
DA:85,0
DA:105,6
DA:107,6
DA:108,6
DA:117,3
DA:119,3
DA:121,3
DA:124,3
DA:139,4
DA:144,4
DA:145,4
DA:149,3
DA:154,3
DA:156,1
DA:158,1
DA:159,1
DA:166,0
DA:177,22
DA:179,22
DA:180,22
DA:184,14
DA:191,14
DA:193,14
DA:195,14
DA:197,14
DA:199,8
DA:201,8
DA:202,5
DA:209,3
LF:48
LH:41
BRDA:44,0,0,1
BRDA:44,0,1,1
BRDA:44,1,0,2
BRDA:44,1,1,2
BRDA:47,2,0,0
BRDA:47,2,1,1
BRDA:47,3,0,1
BRDA:47,3,1,1
BRDA:84,4,0,0
BRDA:84,4,1,0
BRDA:84,5,0,0
BRDA:84,5,1,0
BRDA:87,6,0,0
BRDA:87,6,1,0
BRDA:87,7,0,0
BRDA:87,7,1,0
BRDA:158,8,0,1
BRDA:158,8,1,0
BRDA:158,9,0,1
BRDA:158,9,1,1
BRDA:161,10,0,0
BRDA:161,10,1,1
BRDA:161,11,0,1
BRDA:161,11,1,1
BRDA:201,12,0,5
BRDA:201,12,1,3
BRDA:201,13,0,8
BRDA:201,13,1,8
BRDA:204,14,0,0
BRDA:204,14,1,5
BRDA:204,15,0,5
BRDA:204,15,1,5
BRF:32
BRH:20
end_of_record
TN:
SF:src/services/signers/fake-signer.ts
FN:11,(anonymous_0)
FN:15,(anonymous_1)
FN:19,(anonymous_2)
FN:23,(anonymous_3)
FN:27,(anonymous_4)
FNF:5
FNH:0
FNDA:0,(anonymous_0)
FNDA:0,(anonymous_1)
FNDA:0,(anonymous_2)
FNDA:0,(anonymous_3)
FNDA:0,(anonymous_4)
DA:8,12
DA:12,0
DA:16,0
DA:20,0
DA:24,0
DA:36,0
LF:6
LH:1
BRF:0
BRH:0
end_of_record
TN:
SF:src/services/signers/vault.ts
FN:16,(anonymous_1)
FN:22,(anonymous_2)
FN:26,(anonymous_3)
FN:35,(anonymous_4)
FN:50,(anonymous_5)
FN:63,(anonymous_6)
FN:84,(anonymous_7)
FN:96,(anonymous_8)
FNF:8
FNH:7
FNDA:17,(anonymous_1)
FNDA:18,(anonymous_2)
FNDA:30,(anonymous_3)
FNDA:15,(anonymous_4)
FNDA:3,(anonymous_5)
FNDA:12,(anonymous_6)
FNDA:0,(anonymous_7)
FNDA:3,(anonymous_8)
DA:1,14
DA:2,14
DA:4,14
DA:7,14
DA:8,14
DA:9,14
DA:11,14
DA:17,17
DA:18,17
DA:19,17
DA:23,18
DA:27,30
DA:36,15
DA:37,15
DA:39,12
DA:40,2
DA:43,10
DA:51,3
DA:53,1
DA:57,1
DA:64,12
DA:66,12
DA:68,9
DA:73,9
DA:77,9
DA:85,0
DA:105,3
DA:107,3
DA:109,3
DA:111,3
DA:115,3
DA:119,3
DA:121,3
DA:122,1
DA:125,2
DA:129,2
DA:131,2
DA:132,2
DA:134,2
LF:39
LH:38
BRDA:39,0,0,2
BRDA:39,0,1,10
BRDA:109,1,0,1
BRDA:109,1,1,2
BRDA:121,2,0,1
BRDA:121,2,1,2
BRF:6
BRH:6
end_of_record
TN:
SF:src/utils/index.ts
FN:6,generateRandomInt
FNF:1
FNH:1
FNDA:8,generateRandomInt
DA:6,17
DA:7,8
LF:2
LH:2
BRF:0
BRH:0
end_of_record
TN:
SF:src/utils/parse-int.ts
FN:9,parseInt
FNF:1
FNH:1
FNDA:322,parseInt
DA:9,36
DA:10,322
DA:12,2
DA:14,2
LF:4
LH:4
BRDA:10,0,0,320
BRDA:10,0,1,2
BRDA:14,1,0,1
BRDA:14,1,1,1
BRF:4
BRH:4
end_of_record
