TN:
SF:src/types.d.ts
FNF:0
FNH:0
LF:0
LH:0
BRF:0
BRH:0
end_of_record
TN:
SF:src/config/index.ts
FNF:0
FNH:0
DA:4,37
DA:6,37
DA:9,37
DA:14,37
DA:22,37
DA:26,37
DA:31,37
DA:44,37
DA:49,37
DA:57,37
DA:65,37
DA:72,37
DA:82,37
DA:89,37
DA:94,37
DA:96,37
DA:101,37
DA:104,37
DA:106,37
DA:112,37
LF:20
LH:20
BRDA:10,0,0,37
BRDA:10,0,1,37
BRDA:11,1,0,37
BRDA:11,1,1,0
BRDA:15,2,0,37
BRDA:15,2,1,37
BRDA:16,3,0,37
BRDA:16,3,1,37
BRDA:17,4,0,37
BRDA:17,4,1,37
BRDA:18,5,0,37
BRDA:18,5,1,37
BRDA:27,6,0,37
BRDA:27,6,1,37
BRDA:32,7,0,37
BRDA:32,7,1,37
BRDA:33,8,0,37
BRDA:33,8,1,37
BRDA:35,9,0,37
BRDA:35,9,1,37
BRDA:37,10,0,37
BRDA:37,10,1,37
BRDA:41,11,0,37
BRDA:41,11,1,37
BRDA:45,12,0,37
BRDA:45,12,1,37
BRDA:52,13,0,37
BRDA:52,13,1,37
BRDA:54,14,0,37
BRDA:54,14,1,37
BRDA:60,15,0,37
BRDA:60,15,1,37
BRDA:62,16,0,37
BRDA:62,16,1,37
BRDA:67,17,0,37
BRDA:67,17,1,37
BRDA:69,18,0,37
BRDA:69,18,1,37
BRDA:75,19,0,37
BRDA:75,19,1,37
BRDA:77,20,0,37
BRDA:77,20,1,37
BRDA:78,21,0,37
BRDA:78,21,1,37
BRDA:79,22,0,37
BRDA:79,22,1,37
BRDA:97,23,0,37
BRDA:97,23,1,37
BRDA:98,24,0,37
BRDA:98,24,1,37
BRDA:102,25,0,37
BRDA:102,25,1,37
BRF:52
BRH:51
end_of_record
TN:
SF:src/config/openapi/index.ts
FNF:0
FNH:0
DA:1,0
DA:3,0
LF:2
LH:0
BRF:0
BRH:0
end_of_record
TN:
SF:src/config/openapi/spec/index.ts
FNF:0
FNH:0
DA:1,12
DA:2,12
DA:3,12
DA:5,12
DA:18,12
LF:5
LH:5
BRF:0
BRH:0
end_of_record
TN:
SF:src/config/openapi/spec/components/errors.ts
FNF:0
FNH:0
DA:1,15
LF:1
LH:1
BRF:0
BRH:0
end_of_record
TN:
SF:src/config/openapi/spec/components/index.ts
FNF:0
FNH:0
DA:1,12
DA:2,12
DA:4,12
DA:90,12
LF:4
LH:4
BRF:0
BRH:0
end_of_record
TN:
SF:src/config/openapi/spec/info/index.ts
FNF:0
FNH:0
DA:1,12
DA:7,12
LF:2
LH:2
BRF:0
BRH:0
end_of_record
TN:
SF:src/config/openapi/spec/paths/entrypoints.ts
FNF:0
FNH:0
DA:1,12
DA:3,12
LF:2
LH:2
BRF:0
BRH:0
end_of_record
TN:
SF:src/config/openapi/spec/paths/index.ts
FNF:0
FNH:0
DA:1,12
DA:2,12
DA:3,12
DA:4,12
DA:6,12
DA:13,12
LF:6
LH:6
BRF:0
BRH:0
end_of_record
TN:
SF:src/config/openapi/spec/paths/jobs.ts
FNF:0
FNH:0
DA:1,12
DA:3,12
LF:2
LH:2
BRF:0
BRH:0
end_of_record
TN:
SF:src/config/openapi/spec/paths/storage.ts
FNF:0
FNH:0
DA:1,12
DA:3,12
LF:2
LH:2
BRF:0
BRH:0
end_of_record
TN:
SF:src/config/openapi/spec/paths/user.ts
FNF:0
FNH:0
DA:1,12
DA:3,12
LF:2
LH:2
BRF:0
BRH:0
end_of_record
TN:
SF:src/const/exchange-type.ts
FN:1,(anonymous_0)
FNF:1
FNH:1
FNDA:37,(anonymous_0)
DA:1,37
DA:2,37
DA:3,37
DA:4,37
LF:4
LH:4
BRDA:1,0,0,37
BRDA:1,0,1,37
BRF:2
BRH:2
end_of_record
TN:
SF:src/const/job-status.ts
FN:1,(anonymous_0)
FNF:1
FNH:1
FNDA:20,(anonymous_0)
DA:1,20
DA:2,20
DA:3,20
DA:4,20
DA:5,20
LF:5
LH:5
BRDA:1,0,0,20
BRDA:1,0,1,20
BRF:2
BRH:2
end_of_record
TN:
SF:src/const/tezos-data-type.ts
FN:1,(anonymous_0)
FNF:1
FNH:1
FNDA:5,(anonymous_0)
DA:1,5
DA:2,5
DA:3,5
DA:4,5
DA:5,5
DA:6,5
DA:7,5
DA:8,5
DA:9,5
DA:10,5
DA:11,5
LF:11
LH:11
BRDA:1,0,0,5
BRDA:1,0,1,5
BRF:2
BRH:2
end_of_record
TN:
SF:src/const/ajv_schemas/data-fields.ts
FNF:0
FNH:0
DA:1,12
LF:1
LH:1
BRF:0
BRH:0
end_of_record
TN:
SF:src/const/errors/address-not-found-error.ts
FN:2,(anonymous_0)
FNF:1
FNH:1
FNDA:2,(anonymous_0)
DA:1,14
DA:3,2
LF:2
LH:2
BRF:0
BRH:0
end_of_record
TN:
SF:src/const/errors/client-error.ts
FN:4,(anonymous_0)
FN:9,(anonymous_1)
FNF:2
FNH:2
FNDA:20,(anonymous_0)
FNDA:6,(anonymous_1)
DA:1,23
DA:5,20
DA:6,20
DA:10,6
LF:4
LH:4
BRF:0
BRH:0
end_of_record
TN:
SF:src/const/errors/indexer-error.ts
FN:2,(anonymous_0)
FNF:1
FNH:1
FNDA:6,(anonymous_0)
DA:1,4
DA:3,6
DA:4,6
LF:3
LH:3
BRF:0
BRH:0
end_of_record
TN:
SF:src/const/errors/invalid-entry-point-params.ts
FN:4,(anonymous_0)
FN:14,(anonymous_1)
FNF:2
FNH:2
FNDA:5,(anonymous_0)
FNDA:5,(anonymous_1)
DA:3,16
DA:5,5
DA:13,16
DA:15,5
LF:4
LH:4
BRF:0
BRH:0
end_of_record
TN:
SF:src/const/errors/invalid-entry-point.ts
FN:2,(anonymous_0)
FNF:1
FNH:1
FNDA:2,(anonymous_0)
DA:1,13
DA:3,2
LF:2
LH:2
BRF:0
BRH:0
end_of_record
TN:
SF:src/const/errors/job-id-not-found-error.ts
FN:2,(anonymous_0)
FNF:1
FNH:1
FNDA:6,(anonymous_0)
DA:1,15
DA:3,6
LF:2
LH:2
BRF:0
BRH:0
end_of_record
TN:
SF:src/const/errors/missing-message-validation-schema-error.ts
FN:2,(anonymous_0)
FNF:1
FNH:1
FNDA:1,(anonymous_0)
DA:1,17
DA:3,1
LF:2
LH:2
BRF:0
BRH:0
end_of_record
TN:
SF:src/const/errors/undefined-public-key-error.ts
FN:2,(anonymous_0)
FNF:1
FNH:1
FNDA:3,(anonymous_0)
DA:1,17
DA:3,3
LF:2
LH:2
BRF:0
BRH:0
end_of_record
TN:
SF:src/const/errors/undefined-signature-error.ts
FN:2,(anonymous_0)
FNF:1
FNH:1
FNDA:1,(anonymous_0)
DA:1,16
DA:3,1
LF:2
LH:2
BRF:0
BRH:0
end_of_record
TN:
SF:src/const/errors/undefined-user-id.ts
FN:2,(anonymous_0)
FNF:1
FNH:0
FNDA:0,(anonymous_0)
DA:1,11
DA:3,0
LF:2
LH:1
BRF:0
BRH:0
end_of_record
TN:
SF:src/const/interfaces/contract-storage-response.ts
FN:3,(anonymous_0)
FNF:1
FNH:1
FNDA:15,(anonymous_0)
DA:3,15
DA:4,15
DA:5,15
DA:6,15
DA:7,15
DA:8,15
DA:9,15
LF:7
LH:7
BRDA:3,0,0,15
BRDA:3,0,1,15
BRF:2
BRH:2
end_of_record
TN:
SF:src/const/postgre/postgre-tables.ts
FN:1,(anonymous_0)
FNF:1
FNH:1
FNDA:21,(anonymous_0)
DA:1,21
DA:2,21
DA:3,21
LF:3
LH:3
BRDA:1,0,0,21
BRDA:1,0,1,21
BRF:2
BRH:2
end_of_record
TN:
SF:src/const/postgre/postgre-types.ts
FN:1,(anonymous_0)
FNF:1
FNH:1
FNDA:21,(anonymous_0)
DA:1,21
DA:2,21
DA:3,21
LF:3
LH:3
BRDA:1,0,0,21
BRDA:1,0,1,21
BRF:2
BRH:2
end_of_record
TN:
SF:src/helpers/extract-arrays.ts
FN:12,extractForgeAndSendTransactionsPaths
FN:17,(anonymous_1)
FN:18,(anonymous_2)
FNF:3
FNH:3
FNDA:3,extractForgeAndSendTransactionsPaths
FNDA:42,(anonymous_1)
FNDA:42,(anonymous_2)
DA:1,3
DA:12,3
DA:15,3
DA:17,42
DA:18,42
DA:20,3
LF:6
LH:6
BRF:0
BRH:0
end_of_record
TN:
SF:src/helpers/generate-transactions.ts
FN:13,generateTransactionDetails
FNF:1
FNH:1
FNDA:5,generateTransactionDetails
DA:3,3
DA:13,3
DA:17,5
DA:19,5
LF:4
LH:4
BRF:0
BRH:0
end_of_record
TN:
SF:src/lib/ajv/index.ts
FN:11,(anonymous_1)
FN:7,(anonymous_2)
FN:25,validateSchema
FNF:3
FNH:3
FNDA:2,(anonymous_1)
FNDA:2,(anonymous_2)
FNDA:8,validateSchema
DA:1,13
DA:4,13
DA:8,2
DA:12,2
DA:13,2
DA:25,13
DA:26,8
DA:27,8
DA:28,8
DA:29,8
DA:30,2
LF:11
LH:11
BRDA:29,0,0,2
BRDA:29,0,1,6
BRF:2
BRH:2
end_of_record
TN:
SF:src/lib/amqp/send-to-injection-queue.ts
FN:10,publishToInjectionQueue
FNF:1
FNH:1
FNDA:1,publishToInjectionQueue
DA:10,12
DA:14,1
LF:2
LH:2
BRF:0
BRH:0
end_of_record
TN:
SF:src/lib/amqp/send-to-send-transaction-queue.ts
FN:12,publishForSendTransactions
FNF:1
FNH:1
FNDA:4,publishForSendTransactions
DA:3,13
DA:5,13
DA:12,13
DA:16,4
DA:17,0
DA:20,4
LF:6
LH:5
BRDA:16,0,0,0
BRDA:16,0,1,4
BRF:2
BRH:1
end_of_record
TN:
SF:src/lib/entrypoints/get-entrypoint-schema.ts
FN:99,getEntryPointSchemaFromTezosNode
FN:121,(anonymous_2)
FNF:2
FNH:2
FNDA:10,getEntryPointSchemaFromTezosNode
FNDA:22,(anonymous_2)
DA:4,13
DA:5,13
DA:99,13
DA:105,10
DA:111,10
DA:113,8
DA:115,8
DA:117,8
DA:118,2
DA:121,8
DA:122,22
DA:123,2
DA:125,20
DA:132,6
LF:14
LH:14
BRDA:117,0,0,2
BRDA:117,0,1,6
BRDA:122,1,0,2
BRDA:122,1,1,20
BRF:4
BRH:4
end_of_record
TN:
SF:src/lib/generate-path-object/index.ts
FN:48,(anonymous_1)
FN:71,generatePathObject
FN:93,(anonymous_3)
FN:113,generatePathItemSchema
FN:168,generateSchemaObject
FN:221,handleObjectCase
FN:227,(anonymous_7)
FN:247,handleMapCase
FNF:8
FNH:8
FNDA:5,(anonymous_1)
FNDA:4,generatePathObject
FNDA:34,(anonymous_3)
FNDA:68,generatePathItemSchema
FNDA:127,generateSchemaObject
FNDA:29,handleObjectCase
FNDA:64,(anonymous_7)
FNDA:3,handleMapCase
DA:1,5
DA:6,5
DA:7,5
DA:9,5
DA:11,5
DA:48,5
DA:49,5
DA:50,5
DA:71,5
DA:76,4
DA:81,4
DA:86,4
DA:91,4
DA:93,4
DA:94,34
DA:98,34
DA:101,4
DA:118,68
DA:121,68
DA:135,68
DA:136,50
DA:137,50
DA:140,68
DA:168,5
DA:171,127
DA:172,29
DA:175,98
DA:177,35
DA:181,5
DA:188,3
DA:192,1
DA:196,8
DA:200,25
DA:204,18
DA:208,3
DA:222,29
DA:223,3
DA:226,26
DA:228,64
DA:232,26
DA:248,3
LF:41
LH:41
BRDA:48,0,0,5
BRDA:48,0,1,5
BRDA:118,1,0,34
BRDA:118,1,1,34
BRDA:122,2,0,34
BRDA:122,2,1,34
BRDA:135,3,0,50
BRDA:135,3,1,18
BRDA:171,4,0,29
BRDA:171,4,1,98
BRDA:176,5,0,35
BRDA:176,5,1,5
BRDA:176,5,2,3
BRDA:176,5,3,1
BRDA:176,5,4,8
BRDA:176,5,5,25
BRDA:176,5,6,18
BRDA:176,5,7,3
BRDA:222,6,0,3
BRDA:222,6,1,26
BRF:20
BRH:20
end_of_record
TN:
SF:src/lib/jobs/forge-operation.ts
FN:48,forgeOperation
FN:72,(anonymous_2)
FN:131,createParametersJson
FN:154,getEstimationForNode
FN:183,getOperationContentsTransactionWithParametersJson
FN:203,(anonymous_6)
FN:223,(anonymous_7)
FN:249,getATransactionParameters
FNF:8
FNH:8
FNDA:15,forgeOperation
FNDA:12,(anonymous_2)
FNDA:12,createParametersJson
FNDA:7,getEstimationForNode
FNDA:15,getOperationContentsTransactionWithParametersJson
FNDA:18,(anonymous_6)
FNDA:12,(anonymous_7)
FNDA:18,getATransactionParameters
DA:1,14
DA:2,14
DA:6,14
DA:7,14
DA:10,14
DA:12,14
DA:13,14
DA:14,14
DA:15,14
DA:23,14
DA:48,14
DA:53,15
DA:54,15
DA:61,15
DA:66,7
DA:71,7
DA:72,12
DA:75,7
DA:80,7
DA:84,7
DA:86,7
DA:91,7
DA:99,7
DA:108,7
DA:110,8
DA:111,6
DA:114,2
DA:119,2
DA:135,12
DA:158,7
DA:160,7
DA:161,12
DA:169,7
DA:187,15
DA:191,15
DA:192,2
DA:195,13
DA:197,13
DA:202,13
DA:204,18
DA:208,12
DA:212,7
DA:217,7
DA:219,7
DA:221,7
DA:223,7
DA:224,12
DA:253,18
DA:255,18
LF:49
LH:49
BRDA:96,0,0,6
BRDA:96,0,1,1
BRDA:110,1,0,6
BRDA:110,1,1,2
BRDA:138,2,0,8
BRDA:138,2,1,4
BRDA:191,3,0,2
BRDA:191,3,1,13
BRF:8
BRH:8
end_of_record
TN:
SF:src/lib/jobs/inject-operation.ts
FN:33,injectOperation
FN:66,(anonymous_2)
FNF:2
FNH:2
FNDA:3,injectOperation
FNDA:4,(anonymous_2)
DA:1,2
DA:2,2
DA:6,2
DA:7,2
DA:9,2
DA:13,2
DA:15,2
DA:18,2
DA:33,2
DA:43,3
DA:44,3
DA:46,3
DA:53,3
DA:59,3
DA:60,1
DA:65,2
DA:67,4
DA:81,2
DA:86,2
DA:92,2
DA:96,2
DA:100,2
DA:105,2
DA:111,2
DA:112,1
DA:115,2
DA:116,0
DA:124,2
DA:125,2
DA:129,2
DA:132,0
DA:137,0
LF:32
LH:29
BRDA:59,0,0,1
BRDA:59,0,1,2
BRDA:111,1,0,1
BRDA:111,1,1,1
BRDA:115,2,0,0
BRDA:115,2,1,2
BRDA:124,3,0,2
BRDA:124,3,1,0
BRF:8
BRH:6
end_of_record
TN:
SF:src/lib/jobs/send-transactions.ts
FN:44,sendTransactionsToQueue
FN:100,sendTransactions
FN:208,getOperationHashFromTezos
FN:249,getContractMethodByTransactionDetails
FN:267,insertTransactions
FN:276,(anonymous_5)
FNF:6
FNH:6
FNDA:4,sendTransactionsToQueue
FNDA:5,sendTransactions
FNDA:4,getOperationHashFromTezos
FNDA:5,getContractMethodByTransactionDetails
FNDA:2,insertTransactions
FNDA:3,(anonymous_5)
DA:3,13
DA:7,13
DA:18,13
DA:19,13
DA:21,13
DA:22,13
DA:23,13
DA:24,13
DA:27,13
DA:44,13
DA:50,4
DA:53,4
DA:57,4
DA:58,4
DA:60,4
DA:65,4
DA:71,3
DA:76,3
DA:78,1
DA:83,1
DA:100,13
DA:111,5
DA:112,5
DA:114,5
DA:121,5
DA:123,5
DA:124,0
DA:126,5
DA:132,5
DA:134,4
DA:140,2
DA:145,2
DA:147,2
DA:148,0
DA:151,2
DA:159,2
DA:164,2
DA:171,2
DA:176,3
DA:177,3
DA:185,3
DA:186,2
DA:189,1
DA:194,1
DA:213,4
DA:214,3
DA:223,1
DA:225,1
DA:226,2
DA:235,1
DA:254,5
DA:256,5
DA:274,2
DA:277,3
LF:54
LH:52
BRDA:123,0,0,0
BRDA:123,0,1,5
BRDA:147,1,0,0
BRDA:147,1,1,2
BRDA:147,2,0,2
BRDA:147,2,1,2
BRDA:156,3,0,0
BRDA:156,3,1,2
BRDA:176,4,0,3
BRDA:176,4,1,0
BRDA:185,5,0,2
BRDA:185,5,1,1
BRDA:213,6,0,3
BRDA:213,6,1,1
BRDA:283,7,0,1
BRDA:283,7,1,2
BRF:16
BRH:12
end_of_record
TN:
SF:src/lib/smart-contracts/get-contract-schema.ts
FN:11,getContractParameterSchema
FNF:1
FNH:1
FNDA:4,getContractParameterSchema
DA:11,5
DA:15,4
DA:17,4
LF:3
LH:3
BRF:0
BRH:0
end_of_record
TN:
SF:src/lib/smart-contracts/index.ts
FN:28,getContractMethod
FN:70,getTransferToParams
FN:108,computeEntryPointArgs
FN:115,(anonymous_4)
FN:116,(anonymous_5)
FN:136,convertParameterToMap
FN:143,(anonymous_7)
FNF:7
FNH:7
FNDA:30,getContractMethod
FNDA:20,getTransferToParams
FNDA:23,computeEntryPointArgs
FNDA:49,(anonymous_4)
FNDA:41,(anonymous_5)
FNDA:6,convertParameterToMap
FNDA:4,(anonymous_7)
DA:1,16
DA:2,16
DA:13,16
DA:28,16
DA:34,30
DA:35,5
DA:38,25
DA:39,2
DA:42,23
DA:44,23
DA:47,23
DA:52,23
DA:54,18
DA:55,5
DA:58,13
DA:70,16
DA:76,20
DA:112,23
DA:114,23
DA:115,49
DA:117,41
DA:119,41
DA:126,18
DA:137,6
DA:138,2
DA:141,4
DA:143,4
DA:144,4
DA:145,3
DA:148,1
DA:151,1
LF:31
LH:31
BRDA:34,0,0,5
BRDA:34,0,1,25
BRDA:38,1,0,2
BRDA:38,1,1,23
BRDA:38,2,0,25
BRDA:38,2,1,24
BRDA:54,3,0,5
BRDA:54,3,1,13
BRDA:121,4,0,6
BRDA:121,4,1,35
BRDA:137,5,0,2
BRDA:137,5,1,4
BRDA:144,6,0,3
BRDA:144,6,1,1
BRF:14
BRH:14
end_of_record
TN:
SF:src/lib/storage/convert-storage.ts
FN:74,convertDeepLayerDataFieldToStorageResponseValue
FN:85,(anonymous_2)
FN:139,handleObjectDataField
FN:190,convertStorage
FN:198,(anonymous_5)
FN:199,(anonymous_6)
FNF:6
FNH:6
FNDA:12,convertDeepLayerDataFieldToStorageResponseValue
FNDA:19,(anonymous_2)
FNDA:16,handleObjectDataField
FNDA:19,convertStorage
FNDA:37,(anonymous_5)
FNDA:35,(anonymous_6)
DA:2,15
DA:3,15
DA:5,15
DA:6,15
DA:12,15
DA:79,12
DA:84,12
DA:86,19
DA:87,19
DA:88,13
DA:90,6
DA:91,6
DA:93,0
DA:94,0
DA:95,0
DA:99,19
DA:100,3
DA:103,16
DA:104,5
DA:110,11
DA:111,1
DA:117,10
DA:144,16
DA:146,16
DA:148,16
DA:149,1
DA:157,15
DA:161,3
DA:170,12
DA:190,15
DA:195,19
DA:196,19
DA:198,37
DA:200,35
DA:201,16
DA:204,19
DA:206,6
DA:214,13
DA:223,18
DA:225,1
DA:229,1
LF:41
LH:38
BRDA:87,0,0,13
BRDA:87,0,1,6
BRDA:99,1,0,3
BRDA:99,1,1,16
BRDA:103,2,0,5
BRDA:103,2,1,11
BRDA:110,3,0,1
BRDA:110,3,1,10
BRDA:121,4,0,5
BRDA:121,4,1,5
BRDA:148,5,0,1
BRDA:148,5,1,15
BRDA:157,6,0,3
BRDA:157,6,1,12
BRDA:158,7,0,15
BRDA:158,7,1,11
BRDA:200,8,0,16
BRDA:200,8,1,19
BRDA:204,9,0,6
BRDA:204,9,1,13
BRF:20
BRH:20
end_of_record
TN:
SF:src/lib/storage/generate-storage-response.ts
FN:20,convertMichelsonMapToArrayObject
FN:55,convertStorageValueToStorageResponseValue
FN:96,generateStorageResponse
FN:99,(anonymous_4)
FNF:4
FNH:4
FNDA:11,convertMichelsonMapToArrayObject
FNDA:94,convertStorageValueToStorageResponseValue
FNDA:16,generateStorageResponse
FNDA:63,(anonymous_4)
DA:1,15
DA:2,15
DA:3,15
DA:7,15
DA:20,15
DA:23,11
DA:25,11
DA:27,11
DA:28,36
DA:30,36
DA:31,11
DA:35,25
DA:39,25
DA:45,11
DA:55,15
DA:56,94
DA:57,9
DA:59,9
DA:66,85
DA:67,10
DA:73,75
DA:74,6
DA:77,69
DA:96,15
DA:99,16
DA:100,63
DA:103,16
LF:27
LH:27
BRDA:30,0,0,11
BRDA:30,0,1,25
BRDA:36,1,0,6
BRDA:36,1,1,19
BRDA:56,2,0,9
BRDA:56,2,1,85
BRDA:66,3,0,10
BRDA:66,3,1,75
BRDA:73,4,0,6
BRDA:73,4,1,69
BRF:10
BRH:10
end_of_record
TN:
SF:src/lib/storage/get-contract-storage.ts
FN:18,getContractStorageFromTezosNode
FN:44,getContractStorageObjectFromTezosNode
FNF:2
FNH:2
FNDA:24,getContractStorageFromTezosNode
FNDA:10,getContractStorageObjectFromTezosNode
DA:5,15
DA:7,15
DA:8,15
DA:18,15
DA:23,24
DA:24,24
DA:26,20
DA:28,4
DA:29,3
DA:33,3
DA:36,1
DA:40,1
DA:44,15
DA:50,10
DA:56,9
DA:61,9
DA:62,2
DA:65,7
LF:18
LH:18
BRDA:28,0,0,3
BRDA:28,0,1,1
BRDA:28,1,0,4
BRDA:28,1,1,3
BRDA:61,2,0,2
BRDA:61,2,1,7
BRF:6
BRH:6
end_of_record
TN:
SF:src/lib/user/create-account.ts
FN:19,createAccounts
FN:50,(anonymous_1)
FN:96,(anonymous_2)
FN:101,(anonymous_3)
FN:116,(anonymous_4)
FN:121,(anonymous_5)
FN:142,(anonymous_6)
FNF:7
FNH:5
FNDA:4,createAccounts
FNDA:4,(anonymous_1)
FNDA:1,(anonymous_2)
FNDA:3,(anonymous_3)
FNDA:0,(anonymous_4)
FNDA:0,(anonymous_5)
FNDA:3,(anonymous_6)
DA:1,11
DA:3,11
DA:4,11
DA:5,11
DA:19,11
DA:23,4
DA:24,4
DA:29,4
DA:30,4
DA:31,4
DA:36,4
DA:42,4
DA:44,2
DA:49,2
DA:51,4
DA:62,2
DA:67,2
DA:69,2
DA:74,2
DA:76,2
DA:81,2
DA:96,11
DA:100,1
DA:101,3
DA:116,11
DA:120,0
DA:122,0
DA:142,11
DA:147,3
DA:149,1
DA:150,2
DA:151,2
DA:153,2
DA:155,2
DA:159,2
DA:164,2
DA:167,2
DA:169,2
DA:173,2
DA:177,2
LF:40
LH:38
BRF:0
BRH:0
end_of_record
TN:
SF:src/lib/user/get-user-account.ts
FN:16,getUserAccounts
FN:29,(anonymous_2)
FNF:2
FNH:2
FNDA:4,getUserAccounts
FNDA:8,(anonymous_2)
DA:1,11
DA:3,11
DA:4,11
DA:5,11
DA:6,11
DA:7,11
DA:8,11
DA:16,11
DA:19,4
DA:20,4
DA:27,4
DA:28,4
DA:31,8
DA:32,8
DA:34,2
DA:35,2
DA:41,6
DA:42,0
DA:44,6
DA:45,6
DA:47,6
DA:52,6
DA:57,6
DA:64,0
DA:69,0
LF:25
LH:22
BRDA:34,0,0,2
BRDA:34,0,1,0
BRDA:41,1,0,0
BRDA:41,1,1,6
BRF:4
BRH:2
end_of_record
TN:
SF:src/lib/user/get-user-by-address.ts
FN:14,getUserByAddress
FN:27,(anonymous_1)
FNF:2
FNH:2
FNDA:4,getUserByAddress
FNDA:8,(anonymous_1)
DA:1,11
DA:3,11
DA:4,11
DA:5,11
DA:6,11
DA:14,11
DA:17,4
DA:18,4
DA:25,4
DA:26,4
DA:29,8
DA:30,8
DA:32,2
DA:33,2
DA:39,6
DA:40,0
DA:43,6
DA:50,0
DA:55,0
LF:19
LH:16
BRDA:32,0,0,2
BRDA:32,0,1,0
BRDA:39,1,0,0
BRDA:39,1,1,6
BRF:4
BRH:2
end_of_record
TN:
SF:src/models/jobs.ts
FN:19,insertJob
FN:44,selectJobs
FN:64,updateOperationHash
FN:84,updateJobStatus
FN:104,updateJobStatusAndOperationHash
FN:126,updateJobStatusAndErrorMessage
FN:144,selectPublishedJobsWithOperationHash
FNF:7
FNH:7
FNDA:36,insertJob
FNDA:18,selectJobs
FNDA:4,updateOperationHash
FNDA:2,updateJobStatus
FNDA:5,updateJobStatusAndOperationHash
FNDA:4,updateJobStatusAndErrorMessage
FNDA:4,selectPublishedJobsWithOperationHash
DA:3,20
DA:4,20
DA:7,20
DA:19,20
DA:27,36
DA:44,20
DA:49,18
DA:51,18
DA:64,20
DA:69,4
DA:84,20
DA:89,2
DA:104,20
DA:110,5
DA:126,20
DA:132,4
DA:144,20
DA:147,4
LF:18
LH:18
BRDA:30,0,0,32
BRDA:30,0,1,4
BRDA:31,1,0,0
BRDA:31,1,1,36
BRDA:49,2,0,16
BRDA:49,2,1,2
BRF:6
BRH:5
end_of_record
TN:
SF:src/models/transactions.ts
FN:18,insertTransactions
FN:26,(anonymous_1)
FN:65,insertTransactionWithParametersJson
FN:98,selectTransaction
FNF:4
FNH:4
FNDA:15,insertTransactions
FNDA:21,(anonymous_1)
FNDA:7,insertTransactionWithParametersJson
FNDA:9,selectTransaction
DA:3,19
DA:7,19
DA:18,19
DA:25,15
DA:37,21
DA:48,15
DA:65,19
DA:81,7
DA:98,19
DA:103,9
DA:105,9
LF:11
LH:11
BRDA:103,0,0,7
BRDA:103,0,1,2
BRF:2
BRH:2
end_of_record
TN:
SF:src/processes/abstract-process.ts
FN:15,signalHandler
FN:19,(anonymous_1)
FN:24,errorHandler
FN:28,(anonymous_3)
FN:41,(anonymous_4)
FN:46,(anonymous_5)
FN:49,(anonymous_6)
FN:53,(anonymous_7)
FN:65,(anonymous_8)
FN:81,(anonymous_9)
FN:95,(anonymous_10)
FN:107,(anonymous_11)
FN:109,(anonymous_12)
FN:111,(anonymous_13)
FN:117,(anonymous_14)
FN:121,(anonymous_15)
FNF:16
FNH:2
FNDA:0,signalHandler
FNDA:0,(anonymous_1)
FNDA:0,errorHandler
FNDA:0,(anonymous_3)
FNDA:14,(anonymous_4)
FNDA:0,(anonymous_5)
FNDA:0,(anonymous_6)
FNDA:41,(anonymous_7)
FNDA:0,(anonymous_8)
FNDA:0,(anonymous_9)
FNDA:0,(anonymous_10)
FNDA:0,(anonymous_11)
FNDA:0,(anonymous_12)
FNDA:0,(anonymous_13)
FNDA:0,(anonymous_14)
FNDA:0,(anonymous_15)
DA:15,14
DA:19,0
DA:20,0
DA:24,14
DA:28,0
DA:29,0
DA:39,14
DA:42,14
DA:43,14
DA:47,0
DA:50,0
DA:54,41
DA:66,0
DA:68,0
DA:70,0
DA:71,0
DA:72,0
DA:74,0
DA:80,0
DA:81,0
DA:85,0
DA:87,0
DA:99,0
DA:101,0
DA:102,0
DA:104,0
DA:106,0
DA:108,0
DA:109,0
DA:112,0
DA:117,0
DA:122,0
DA:123,0
DA:124,0
LF:34
LH:6
BRDA:101,0,0,0
BRDA:101,0,1,0
BRDA:109,1,0,0
BRDA:109,1,1,0
BRF:4
BRH:0
end_of_record
TN:
SF:src/processes/generated-api-web/index.ts
FNF:0
FNH:0
DA:1,0
DA:2,0
DA:4,0
DA:5,0
DA:6,0
LF:5
LH:0
BRDA:4,0,0,0
BRDA:4,0,1,0
BRF:2
BRH:0
end_of_record
TN:
SF:src/processes/generated-api-web/web-process.ts
FN:45,(anonymous_7)
FN:58,(anonymous_8)
FN:62,(anonymous_9)
FN:66,(anonymous_10)
FN:70,(anonymous_11)
FN:74,(anonymous_12)
FN:78,(anonymous_13)
FN:82,(anonymous_14)
FN:86,(anonymous_15)
FN:90,(anonymous_16)
FN:94,(anonymous_17)
FN:98,(anonymous_18)
FN:110,(anonymous_19)
FN:165,(anonymous_20)
FN:174,(anonymous_21)
FN:183,(anonymous_22)
FN:188,(anonymous_23)
FN:211,(anonymous_24)
FN:231,(anonymous_25)
FN:245,(anonymous_26)
FNF:20
FNH:14
FNDA:2,(anonymous_7)
FNDA:2,(anonymous_8)
FNDA:2,(anonymous_9)
FNDA:0,(anonymous_10)
FNDA:2,(anonymous_11)
FNDA:0,(anonymous_12)
FNDA:1,(anonymous_13)
FNDA:9,(anonymous_14)
FNDA:0,(anonymous_15)
FNDA:0,(anonymous_16)
FNDA:0,(anonymous_17)
FNDA:0,(anonymous_18)
FNDA:2,(anonymous_19)
FNDA:2,(anonymous_20)
FNDA:2,(anonymous_21)
FNDA:2,(anonymous_22)
FNDA:15,(anonymous_23)
FNDA:2,(anonymous_24)
FNDA:2,(anonymous_25)
FNDA:2,(anonymous_26)
DA:1,2
DA:2,2
DA:3,2
DA:4,2
DA:5,2
DA:8,2
DA:9,2
DA:10,2
DA:11,2
DA:17,2
DA:18,2
DA:19,2
DA:20,2
DA:21,2
DA:22,2
DA:23,2
DA:24,2
DA:25,2
DA:33,2
DA:37,2
DA:46,2
DA:47,2
DA:48,2
DA:49,2
DA:51,2
DA:52,2
DA:53,2
DA:54,2
DA:55,2
DA:59,2
DA:63,2
DA:67,0
DA:71,2
DA:75,0
DA:79,1
DA:83,9
DA:87,0
DA:91,0
DA:95,0
DA:101,0
DA:111,2
DA:112,0
DA:113,0
DA:116,2
DA:117,2
DA:118,2
DA:120,2
DA:122,2
DA:129,2
DA:135,2
DA:137,2
DA:147,2
DA:149,2
DA:150,2
DA:151,2
DA:156,2
DA:166,2
DA:167,0
DA:170,2
DA:171,2
DA:172,2
DA:174,2
DA:175,2
DA:177,2
DA:184,2
DA:185,2
DA:186,2
DA:188,2
DA:189,15
DA:190,15
DA:194,15
DA:196,15
DA:197,0
DA:200,15
DA:203,2
DA:205,2
DA:212,2
DA:214,2
DA:219,2
DA:228,2
DA:232,2
DA:246,2
LF:82
LH:72
BRDA:111,0,0,0
BRDA:111,0,1,2
BRDA:166,1,0,0
BRDA:166,1,1,2
BRDA:196,2,0,0
BRDA:196,2,1,15
BRF:6
BRH:3
end_of_record
TN:
SF:src/processes/generated-api-web/api/index.ts
FN:14,setupRoutes
FNF:1
FNH:1
FNDA:2,setupRoutes
DA:1,2
DA:3,2
DA:4,2
DA:5,2
DA:14,2
DA:23,2
DA:25,2
DA:33,2
DA:34,2
DA:36,2
DA:38,2
LF:11
LH:11
BRF:0
BRH:0
end_of_record
TN:
SF:src/processes/generated-api-web/api/controllers/forge-job-controller.ts
FN:15,forgeOperationAndCreateJob
FN:19,(anonymous_2)
FNF:2
FNH:2
FNDA:18,forgeOperationAndCreateJob
FNDA:2,(anonymous_2)
DA:2,2
DA:3,2
DA:4,2
DA:5,2
DA:9,2
DA:10,2
DA:12,2
DA:19,18
DA:20,2
DA:21,2
DA:23,2
DA:31,2
DA:33,1
DA:40,1
DA:42,1
DA:49,1
DA:59,1
DA:61,1
DA:62,0
DA:63,1
DA:67,0
DA:70,1
DA:75,2
LF:23
LH:21
BRDA:61,0,0,0
BRDA:61,0,1,1
BRDA:63,1,0,0
BRDA:63,1,1,1
BRDA:64,2,0,1
BRDA:64,2,1,1
BRF:6
BRH:4
end_of_record
TN:
SF:src/processes/generated-api-web/api/controllers/index.ts
FN:19,registerRoutes
FN:31,(anonymous_2)
FN:41,(anonymous_3)
FNF:3
FNH:3
FNDA:2,registerRoutes
FNDA:18,(anonymous_2)
FNDA:18,(anonymous_3)
DA:3,2
DA:4,2
DA:5,2
DA:10,2
DA:19,2
DA:27,2
DA:31,2
DA:32,18
DA:41,2
DA:42,18
DA:52,2
DA:60,2
LF:12
LH:12
BRF:0
BRH:0
end_of_record
TN:
SF:src/processes/generated-api-web/api/controllers/send-job-controller.ts
FN:15,sendTransactionsAndCreateJob
FN:20,(anonymous_8)
FN:59,(anonymous_9)
FNF:3
FNH:3
FNDA:18,sendTransactionsAndCreateJob
FNDA:3,(anonymous_8)
FNDA:1,(anonymous_9)
DA:2,2
DA:3,2
DA:4,2
DA:5,2
DA:6,2
DA:7,2
DA:9,2
DA:11,2
DA:20,18
DA:21,3
DA:22,3
DA:24,3
DA:29,3
DA:31,3
DA:38,3
DA:44,3
DA:46,2
DA:51,2
DA:58,1
DA:60,1
DA:66,1
DA:68,2
DA:69,1
DA:72,1
DA:77,2
LF:25
LH:25
BRDA:68,0,0,1
BRDA:68,0,1,1
BRF:2
BRH:2
end_of_record
TN:
SF:src/processes/web/index.ts
FNF:0
FNH:0
DA:1,0
DA:2,0
DA:4,0
DA:5,0
DA:6,0
LF:5
LH:0
BRDA:4,0,0,0
BRDA:4,0,1,0
BRF:2
BRH:0
end_of_record
TN:
SF:src/processes/web/web-process.ts
FN:39,(anonymous_7)
FN:54,(anonymous_8)
FN:58,(anonymous_9)
FN:62,(anonymous_10)
FN:66,(anonymous_11)
FN:70,(anonymous_12)
FN:74,(anonymous_13)
FN:78,(anonymous_14)
FN:82,(anonymous_15)
FN:86,(anonymous_16)
FN:90,(anonymous_17)
FN:94,(anonymous_18)
FN:106,(anonymous_19)
FN:143,(anonymous_20)
FN:152,(anonymous_21)
FN:161,(anonymous_22)
FN:166,(anonymous_23)
FN:189,(anonymous_24)
FN:207,(anonymous_25)
FNF:19
FNH:14
FNDA:10,(anonymous_7)
FNDA:10,(anonymous_8)
FNDA:10,(anonymous_9)
FNDA:0,(anonymous_10)
FNDA:9,(anonymous_11)
FNDA:0,(anonymous_12)
FNDA:2,(anonymous_13)
FNDA:36,(anonymous_14)
FNDA:0,(anonymous_15)
FNDA:1,(anonymous_16)
FNDA:0,(anonymous_17)
FNDA:0,(anonymous_18)
FNDA:10,(anonymous_19)
FNDA:10,(anonymous_20)
FNDA:10,(anonymous_21)
FNDA:10,(anonymous_22)
FNDA:54,(anonymous_23)
FNDA:10,(anonymous_24)
FNDA:10,(anonymous_25)
DA:1,10
DA:2,10
DA:3,10
DA:4,10
DA:5,10
DA:6,10
DA:9,10
DA:10,10
DA:11,10
DA:12,10
DA:13,10
DA:14,10
DA:15,10
DA:16,10
DA:17,10
DA:18,10
DA:19,10
DA:27,10
DA:31,10
DA:40,10
DA:41,10
DA:42,10
DA:43,10
DA:45,10
DA:46,10
DA:47,10
DA:48,10
DA:49,10
DA:51,10
DA:55,10
DA:59,10
DA:63,0
DA:67,9
DA:71,0
DA:75,2
DA:79,36
DA:83,0
DA:87,1
DA:91,0
DA:97,0
DA:107,10
DA:108,0
DA:109,0
DA:112,10
DA:113,10
DA:114,10
DA:116,10
DA:125,10
DA:127,10
DA:128,10
DA:129,10
DA:134,10
DA:144,10
DA:145,0
DA:148,10
DA:149,10
DA:150,10
DA:152,10
DA:153,10
DA:155,10
DA:162,10
DA:163,10
DA:164,10
DA:166,10
DA:167,54
DA:168,54
DA:172,54
DA:174,54
DA:175,0
DA:178,54
DA:181,10
DA:183,10
DA:190,10
DA:192,10
DA:201,10
DA:208,10
LF:76
LH:67
BRDA:107,0,0,0
BRDA:107,0,1,10
BRDA:144,1,0,0
BRDA:144,1,1,10
BRDA:174,2,0,0
BRDA:174,2,1,54
BRF:6
BRH:3
end_of_record
TN:
SF:src/processes/web/api/index.ts
FN:13,setupRoutes
FNF:1
FNH:1
FNDA:10,setupRoutes
DA:1,10
DA:3,10
DA:4,10
DA:8,10
DA:9,10
DA:13,10
DA:21,10
DA:23,10
DA:30,10
DA:31,10
DA:32,10
DA:34,10
DA:36,10
LF:13
LH:13
BRF:0
BRH:0
end_of_record
TN:
SF:src/processes/web/api/entrypoints/index.ts
FN:13,registerEntryPointsRoutes
FNF:1
FNH:1
FNDA:12,registerEntryPointsRoutes
DA:4,12
DA:13,12
DA:17,12
DA:24,12
LF:4
LH:4
BRF:0
BRH:0
end_of_record
TN:
SF:src/processes/web/api/entrypoints/retrieve-entrypoint-schema-controller.ts
FN:10,retrieveEntryPointsSchemaFromTezosNode
FN:11,(anonymous_2)
FNF:2
FNH:2
FNDA:12,retrieveEntryPointsSchemaFromTezosNode
FNDA:6,(anonymous_2)
DA:2,12
DA:3,12
DA:5,12
DA:7,12
DA:8,12
DA:11,12
DA:12,6
DA:13,6
DA:14,6
DA:16,6
DA:25,6
DA:27,6
DA:34,3
DA:36,3
DA:37,1
DA:40,2
DA:45,12
LF:17
LH:17
BRDA:36,0,0,1
BRDA:36,0,1,2
BRF:2
BRH:2
end_of_record
TN:
SF:src/processes/web/api/jobs/forge-job-controller.ts
FN:14,forgeOperationAndCreateJob
FN:18,(anonymous_2)
FNF:2
FNH:2
FNDA:10,forgeOperationAndCreateJob
FNDA:5,(anonymous_2)
DA:2,10
DA:3,10
DA:4,10
DA:5,10
DA:9,10
DA:11,10
DA:18,10
DA:19,5
DA:20,5
DA:22,5
DA:31,5
DA:33,5
DA:40,5
DA:50,1
DA:52,4
DA:53,1
DA:54,3
DA:58,2
DA:61,1
DA:66,10
LF:20
LH:20
BRDA:52,0,0,1
BRDA:52,0,1,3
BRDA:54,1,0,2
BRDA:54,1,1,1
BRDA:55,2,0,3
BRDA:55,2,1,2
BRF:6
BRH:6
end_of_record
TN:
SF:src/processes/web/api/jobs/get-job-controller.ts
FN:10,getJobById
FN:11,(anonymous_2)
FNF:2
FNH:2
FNDA:10,getJobById
FNDA:2,(anonymous_2)
DA:2,10
DA:3,10
DA:4,10
DA:5,10
DA:6,10
DA:7,10
DA:11,10
DA:12,2
DA:13,2
DA:16,2
DA:23,2
DA:26,2
DA:32,2
DA:34,1
DA:39,1
DA:41,0
DA:46,1
DA:47,1
DA:48,0
DA:49,0
DA:51,0
DA:56,10
LF:22
LH:18
BRDA:16,0,0,2
BRDA:16,0,1,0
BRDA:17,1,0,2
BRDA:17,1,1,2
BRDA:17,1,2,2
BRDA:17,1,3,2
BRDA:32,2,0,1
BRDA:32,2,1,1
BRDA:46,3,0,1
BRDA:46,3,1,0
BRDA:48,4,0,0
BRDA:48,4,1,0
BRF:12
BRH:8
end_of_record
TN:
SF:src/processes/web/api/jobs/index.ts
FN:18,registerJobsRoutes
FNF:1
FNH:1
FNDA:10,registerJobsRoutes
DA:3,10
DA:4,10
DA:5,10
DA:9,10
DA:18,10
DA:25,10
DA:33,10
DA:41,10
DA:50,10
DA:55,10
LF:10
LH:10
BRF:0
BRH:0
end_of_record
TN:
SF:src/processes/web/api/jobs/inject-job-controller.ts
FN:12,injectOperationAndUpdateJob
FN:16,(anonymous_2)
FNF:2
FNH:2
FNDA:12,injectOperationAndUpdateJob
FNDA:3,(anonymous_2)
DA:2,12
DA:3,12
DA:5,12
DA:6,12
DA:8,12
DA:10,12
DA:16,12
DA:17,3
DA:18,3
DA:20,3
DA:29,3
DA:31,2
DA:32,1
DA:36,1
DA:42,1
DA:44,2
DA:45,1
DA:48,1
DA:53,12
LF:19
LH:19
BRDA:31,0,0,1
BRDA:31,0,1,1
BRDA:44,1,0,1
BRDA:44,1,1,1
BRF:4
BRH:4
end_of_record
TN:
SF:src/processes/web/api/jobs/send-job-controller.ts
FN:17,sendTransactionsAndCreateJob
FN:22,(anonymous_8)
FN:56,(anonymous_9)
FNF:3
FNH:3
FNDA:10,sendTransactionsAndCreateJob
FNDA:3,(anonymous_8)
FNDA:2,(anonymous_9)
DA:2,10
DA:3,10
DA:4,10
DA:5,10
DA:10,10
DA:12,10
DA:14,10
DA:22,10
DA:23,3
DA:28,3
DA:30,3
DA:35,3
DA:41,3
DA:43,2
DA:48,2
DA:55,1
DA:57,2
DA:63,1
DA:65,2
DA:66,1
DA:69,1
DA:74,10
LF:22
LH:22
BRDA:65,0,0,1
BRDA:65,0,1,1
BRF:2
BRH:2
end_of_record
TN:
SF:src/processes/web/api/storage/deploy-contract-storage-controller.ts
FN:22,compileAndDeployContract
FN:26,(anonymous_2)
FN:94,compileSmartpy
FN:116,(anonymous_4)
FN:118,(anonymous_5)
FN:143,(anonymous_6)
FN:160,getFileContents
FN:163,(anonymous_8)
FN:164,(anonymous_9)
FNF:9
FNH:8
FNDA:12,compileAndDeployContract
FNDA:3,(anonymous_2)
FNDA:3,compileSmartpy
FNDA:3,(anonymous_4)
FNDA:3,(anonymous_5)
FNDA:0,(anonymous_6)
FNDA:4,getFileContents
FNDA:4,(anonymous_8)
FNDA:4,(anonymous_9)
DA:1,12
DA:3,12
DA:4,12
DA:5,12
DA:6,12
DA:8,12
DA:11,12
DA:12,12
DA:13,12
DA:26,12
DA:27,3
DA:31,3
DA:33,3
DA:38,3
DA:40,2
DA:42,2
DA:49,2
DA:56,2
DA:58,2
DA:59,2
DA:61,1
DA:66,1
DA:72,1
DA:77,1
DA:79,2
DA:80,2
DA:83,0
DA:95,3
DA:102,3
DA:110,3
DA:116,3
DA:117,3
DA:119,3
DA:120,1
DA:128,2
DA:131,2
DA:135,2
DA:136,0
DA:140,2
DA:144,0
DA:161,4
DA:162,4
DA:164,4
DA:165,4
DA:166,4
DA:171,4
DA:173,0
DA:177,12
LF:48
LH:44
BRDA:79,0,0,2
BRDA:79,0,1,0
BRDA:119,1,0,1
BRDA:119,1,1,2
BRDA:135,2,0,0
BRDA:135,2,1,2
BRDA:135,3,0,2
BRDA:135,3,1,2
BRDA:165,4,0,0
BRDA:165,4,1,4
BRF:10
BRH:7
end_of_record
TN:
SF:src/processes/web/api/storage/index.ts
FN:15,registerStorageRoutes
FNF:1
FNH:1
FNDA:12,registerStorageRoutes
DA:3,12
DA:5,12
DA:15,12
DA:20,12
DA:27,12
DA:35,12
LF:6
LH:6
BRF:0
BRH:0
end_of_record
TN:
SF:src/processes/web/api/storage/retrieve-contract-storage-controller.ts
FN:11,retrieveContractStorageFromTezosNode
FN:12,(anonymous_8)
FNF:2
FNH:2
FNDA:12,retrieveContractStorageFromTezosNode
FNDA:9,(anonymous_8)
DA:2,12
DA:3,12
DA:4,12
DA:6,12
DA:7,12
DA:9,12
DA:12,12
DA:13,9
DA:14,9
DA:15,9
DA:17,9
DA:18,6
DA:21,8
DA:29,8
DA:31,8
DA:38,8
DA:45,6
DA:47,3
DA:48,1
DA:53,2
DA:58,12
LF:21
LH:21
BRDA:17,0,0,6
BRDA:17,0,1,3
BRDA:47,1,0,1
BRDA:47,1,1,2
BRF:4
BRH:4
end_of_record
TN:
SF:src/processes/web/api/user/create-user-controller.ts
FN:8,createUser
FN:9,(anonymous_1)
FNF:2
FNH:2
FNDA:10,createUser
FNDA:3,(anonymous_1)
DA:2,10
DA:3,10
DA:5,10
DA:9,10
DA:10,3
DA:12,3
DA:13,3
DA:21,3
DA:23,3
DA:30,3
DA:38,1
DA:40,2
DA:45,10
LF:13
LH:13
BRF:0
BRH:0
end_of_record
TN:
SF:src/processes/web/api/user/get-user-by-address-controller.ts
FN:6,getUser
FN:7,(anonymous_1)
FNF:2
FNH:2
FNDA:10,getUser
FNDA:3,(anonymous_1)
DA:2,10
DA:3,10
DA:4,10
DA:7,10
DA:8,3
DA:10,3
DA:11,3
DA:18,3
DA:20,2
DA:22,1
DA:27,10
LF:11
LH:11
BRF:0
BRH:0
end_of_record
TN:
SF:src/processes/web/api/user/user-controller.ts
FN:6,getUser
FN:7,(anonymous_1)
FNF:2
FNH:2
FNDA:10,getUser
FNDA:3,(anonymous_1)
DA:2,10
DA:3,10
DA:4,10
DA:7,10
DA:8,3
DA:10,3
DA:11,3
DA:18,3
DA:20,2
DA:22,1
DA:27,10
LF:11
LH:11
BRF:0
BRH:0
end_of_record
TN:
SF:src/processes/web/api/user/index.ts
FN:15,registerUserRoutes
FNF:1
FNH:1
FNDA:10,registerUserRoutes
DA:4,10
DA:5,10
DA:6,10
DA:15,10
DA:19,10
DA:21,10
DA:26,10
DA:31,10
LF:8
LH:8
BRF:0
BRH:0
end_of_record
TN:
SF:src/processes/web/middleware/error-handler.ts
FN:13,errorHandler
FNF:1
FNH:1
FNDA:12,errorHandler
DA:2,12
DA:4,12
DA:13,12
LF:3
LH:3
BRF:0
BRH:0
end_of_record
TN:
SF:src/processes/workers/check-operation-status/check-operation-status-process.ts
FN:20,(anonymous_0)
FN:28,(anonymous_1)
FN:32,(anonymous_2)
FN:36,(anonymous_3)
FN:40,(anonymous_4)
FN:44,(anonymous_5)
FN:48,(anonymous_6)
FN:52,(anonymous_7)
FN:62,(anonymous_8)
FN:101,(anonymous_9)
FNF:10
FNH:8
FNDA:1,(anonymous_0)
FNDA:4,(anonymous_1)
FNDA:8,(anonymous_2)
FNDA:0,(anonymous_3)
FNDA:10,(anonymous_4)
FNDA:0,(anonymous_5)
FNDA:8,(anonymous_6)
FNDA:7,(anonymous_7)
FNDA:4,(anonymous_8)
FNDA:4,(anonymous_9)
DA:3,1
DA:4,1
DA:5,1
DA:6,1
DA:7,1
DA:8,1
DA:9,1
DA:10,1
DA:12,1
DA:13,1
DA:21,1
DA:22,1
DA:23,1
DA:24,1
DA:25,1
DA:29,4
DA:33,8
DA:37,0
DA:41,10
DA:45,0
DA:49,8
DA:53,7
DA:63,4
DA:64,1
DA:65,1
DA:68,3
DA:69,3
DA:70,3
DA:71,3
DA:73,3
DA:75,3
DA:82,3
DA:92,3
DA:93,3
DA:102,4
DA:103,1
DA:106,3
DA:107,3
DA:109,3
DA:111,3
LF:40
LH:38
BRDA:63,0,0,1
BRDA:63,0,1,3
BRDA:102,1,0,1
BRDA:102,1,1,3
BRF:4
BRH:4
end_of_record
TN:
SF:src/processes/workers/check-operation-status/index.ts
FN:24,(anonymous_6)
FNF:1
FNH:0
FNDA:0,(anonymous_6)
DA:1,0
DA:3,0
DA:4,0
DA:5,0
DA:6,0
DA:7,0
DA:10,0
DA:11,0
DA:14,0
DA:19,0
DA:22,0
DA:24,0
DA:25,0
DA:27,0
DA:29,0
DA:32,0
LF:16
LH:0
BRF:0
BRH:0
end_of_record
TN:
SF:src/processes/workers/check-operation-status/config/index.ts
FNF:0
FNH:0
DA:2,2
DA:4,2
DA:6,2
DA:16,2
DA:21,2
DA:31,2
LF:6
LH:6
BRDA:8,0,0,2
BRDA:8,0,1,2
BRDA:17,1,0,2
BRDA:17,1,1,2
BRDA:18,2,0,2
BRDA:18,2,1,0
BRDA:22,3,0,2
BRDA:22,3,1,2
BRDA:24,4,0,2
BRDA:24,4,1,2
BRDA:26,5,0,2
BRDA:26,5,1,2
BRDA:32,6,0,2
BRDA:32,6,1,2
BRF:14
BRH:13
end_of_record
TN:
SF:src/processes/workers/check-operation-status/lib/check-operation-status.ts
FN:27,checkOperationStatus
FN:44,(anonymous_1)
FN:75,(anonymous_2)
FNF:3
FNH:2
FNDA:3,checkOperationStatus
FNDA:4,(anonymous_1)
FNDA:0,(anonymous_2)
DA:5,2
DA:10,2
DA:11,2
DA:12,2
DA:14,2
DA:16,2
DA:27,2
DA:41,3
DA:43,3
DA:45,4
DA:46,4
DA:53,1
DA:58,1
DA:63,1
DA:69,1
DA:74,1
DA:76,0
DA:80,0
DA:94,0
DA:102,2
DA:103,1
LF:21
LH:18
BRDA:46,0,0,1
BRDA:46,0,1,0
BRDA:102,1,0,1
BRDA:102,1,1,1
BRF:4
BRH:3
end_of_record
TN:
SF:src/processes/workers/check-operation-status/lib/publish-confirmed-transaction-event.ts
FN:22,publishEventWhenTransactionsConfirmed
FNF:1
FNH:0
FNDA:0,publishEventWhenTransactionsConfirmed
DA:1,2
DA:6,2
DA:22,2
DA:27,0
DA:28,0
DA:31,0
LF:6
LH:3
BRDA:27,0,0,0
BRDA:27,0,1,0
BRF:2
BRH:0
end_of_record
TN:
SF:src/processes/workers/injection/index.ts
FNF:0
FNH:0
DA:1,0
DA:2,0
DA:3,0
DA:4,0
DA:5,0
DA:7,0
DA:9,0
DA:10,0
DA:13,0
DA:18,0
DA:21,0
DA:23,0
DA:25,0
DA:27,0
LF:14
LH:0
BRDA:7,0,0,0
BRDA:7,0,1,0
BRF:2
BRH:0
end_of_record
TN:
SF:src/processes/workers/injection/injection-consumer-process.ts
FN:19,(anonymous_0)
FN:26,(anonymous_1)
FN:30,(anonymous_2)
FN:34,(anonymous_3)
FN:38,(anonymous_4)
FN:42,(anonymous_5)
FN:52,(anonymous_6)
FN:94,(anonymous_7)
FNF:8
FNH:7
FNDA:1,(anonymous_0)
FNDA:4,(anonymous_1)
FNDA:11,(anonymous_2)
FNDA:0,(anonymous_3)
FNDA:3,(anonymous_4)
FNDA:16,(anonymous_5)
FNDA:4,(anonymous_6)
FNDA:4,(anonymous_7)
DA:3,1
DA:4,1
DA:6,1
DA:7,1
DA:8,1
DA:9,1
DA:10,1
DA:12,1
DA:13,1
DA:20,1
DA:21,1
DA:22,1
DA:23,1
DA:27,4
DA:31,11
DA:35,0
DA:39,3
DA:43,16
DA:53,4
DA:54,1
DA:55,1
DA:58,3
DA:59,3
DA:61,3
DA:80,3
DA:81,3
DA:83,3
DA:84,3
DA:86,3
DA:95,4
DA:96,1
DA:99,3
DA:100,3
DA:102,3
DA:104,3
LF:35
LH:34
BRDA:53,0,0,1
BRDA:53,0,1,3
BRDA:95,1,0,1
BRDA:95,1,1,3
BRF:4
BRH:4
end_of_record
TN:
SF:src/processes/workers/injection/config/index.ts
FNF:0
FNH:0
DA:2,1
DA:4,1
DA:9,1
LF:3
LH:3
BRDA:5,0,0,1
BRDA:5,0,1,1
BRDA:10,1,0,1
BRDA:10,1,1,1
BRDA:11,2,0,1
BRDA:11,2,1,0
BRF:6
BRH:5
end_of_record
TN:
SF:src/processes/workers/injection/lib/create-handler.ts
FN:6,createHandler
FN:10,(anonymous_1)
FNF:2
FNH:1
FNDA:3,createHandler
FNDA:0,(anonymous_1)
DA:4,1
DA:6,1
DA:10,3
DA:11,0
LF:4
LH:3
BRF:0
BRH:0
end_of_record
TN:
SF:src/processes/workers/send-transactions/index.ts
FNF:0
FNH:0
DA:1,0
DA:2,0
DA:3,0
DA:4,0
DA:5,0
DA:7,0
DA:9,0
DA:10,0
DA:13,0
DA:18,0
DA:21,0
DA:23,0
DA:25,0
DA:27,0
LF:14
LH:0
BRDA:7,0,0,0
BRDA:7,0,1,0
BRF:2
BRH:0
end_of_record
TN:
SF:src/processes/workers/send-transactions/send-transactions-consumer-process.ts
FN:19,(anonymous_0)
FN:26,(anonymous_1)
FN:30,(anonymous_2)
FN:34,(anonymous_3)
FN:38,(anonymous_4)
FN:42,(anonymous_5)
FN:52,(anonymous_6)
FN:117,(anonymous_7)
FNF:8
FNH:0
FNDA:0,(anonymous_0)
FNDA:0,(anonymous_1)
FNDA:0,(anonymous_2)
FNDA:0,(anonymous_3)
FNDA:0,(anonymous_4)
FNDA:0,(anonymous_5)
FNDA:0,(anonymous_6)
FNDA:0,(anonymous_7)
DA:3,0
DA:4,0
DA:5,0
DA:6,0
DA:7,0
DA:8,0
DA:10,0
DA:12,0
DA:13,0
DA:20,0
DA:21,0
DA:22,0
DA:23,0
DA:27,0
DA:31,0
DA:35,0
DA:39,0
DA:43,0
DA:53,0
DA:54,0
DA:55,0
DA:58,0
DA:59,0
DA:61,0
DA:99,0
DA:104,0
DA:106,0
DA:107,0
DA:109,0
DA:118,0
DA:119,0
DA:122,0
DA:123,0
DA:125,0
DA:127,0
LF:35
LH:0
BRDA:53,0,0,0
BRDA:53,0,1,0
BRDA:118,1,0,0
BRDA:118,1,1,0
BRF:4
BRH:0
end_of_record
TN:
SF:src/processes/workers/send-transactions/config/index.ts
FNF:0
FNH:0
DA:2,0
DA:4,0
DA:6,0
DA:11,0
DA:16,0
LF:5
LH:0
BRDA:7,0,0,0
BRDA:7,0,1,0
BRDA:12,1,0,0
BRDA:12,1,1,0
BRDA:13,2,0,0
BRDA:13,2,1,0
BRDA:17,3,0,0
BRDA:17,3,1,0
BRDA:19,4,0,0
BRDA:19,4,1,0
BRDA:21,5,0,0
BRDA:21,5,1,0
BRDA:25,6,0,0
BRDA:25,6,1,0
BRF:14
BRH:0
end_of_record
TN:
SF:src/processes/workers/send-transactions/lib/create-handler.ts
FN:8,createHandler
FN:13,(anonymous_1)
FNF:2
FNH:0
FNDA:0,createHandler
FNDA:0,(anonymous_1)
DA:4,0
DA:8,0
DA:13,0
DA:14,0
LF:4
LH:0
BRF:0
BRH:0
end_of_record
TN:
SF:src/scripts/activate-tezos-account/main.ts
FN:10,start
FNF:1
FNH:0
FNDA:0,start
DA:1,0
DA:3,0
DA:4,0
DA:5,0
DA:6,0
DA:7,0
DA:8,0
DA:11,0
DA:15,0
DA:16,0
DA:17,0
DA:18,0
DA:20,0
DA:22,0
DA:30,0
DA:31,0
LF:16
LH:0
BRDA:30,0,0,0
BRDA:30,0,1,0
BRF:2
BRH:0
end_of_record
TN:
SF:src/scripts/activate-tezos-account/config/index.ts
FNF:0
FNH:0
DA:1,1
DA:3,1
DA:7,1
DA:8,1
LF:4
LH:4
BRDA:4,0,0,1
BRDA:4,0,1,1
BRDA:7,1,0,1
BRDA:7,1,1,1
BRF:4
BRH:4
end_of_record
TN:
SF:src/scripts/activate-tezos-account/lib/index.ts
FN:18,createVaultKeys
FN:20,(anonymous_1)
FN:36,createTezosAccountsByVaultKeys
FNF:3
FNH:3
FNDA:1,createVaultKeys
FNDA:3,(anonymous_1)
FNDA:1,createTezosAccountsByVaultKeys
DA:4,1
DA:5,1
DA:6,1
DA:18,1
DA:19,1
DA:20,3
DA:36,1
DA:42,1
DA:44,1
DA:45,2
DA:46,2
DA:48,2
DA:50,2
DA:53,2
DA:58,2
DA:61,2
DA:63,2
DA:66,2
DA:70,2
LF:19
LH:19
BRF:0
BRH:0
end_of_record
TN:
SF:src/scripts/sign-transaction-with-InMemorySigner/main.ts
FN:6,start
FNF:1
FNH:0
FNDA:0,start
DA:1,0
DA:3,0
DA:4,0
DA:7,0
DA:12,0
DA:14,0
DA:19,0
DA:25,0
DA:26,0
LF:9
LH:0
BRDA:25,0,0,0
BRDA:25,0,1,0
BRF:2
BRH:0
end_of_record
TN:
SF:src/scripts/sign-transaction-with-InMemorySigner/config/index.ts
FNF:0
FNH:0
DA:1,0
DA:5,0
LF:2
LH:0
BRDA:2,0,0,0
BRDA:2,0,1,0
BRDA:5,1,0,0
BRDA:5,1,1,0
BRF:4
BRH:0
end_of_record
TN:
SF:src/services/amqp.ts
FN:28,(anonymous_1)
FN:33,(anonymous_2)
FN:37,(anonymous_3)
FN:41,(anonymous_4)
FN:45,(anonymous_5)
FN:53,(anonymous_6)
FN:60,(anonymous_7)
FN:71,(anonymous_8)
FN:100,(anonymous_9)
FN:117,(anonymous_10)
FN:136,(anonymous_11)
FN:162,(anonymous_12)
FN:181,(anonymous_13)
FN:191,(anonymous_14)
FN:218,(anonymous_15)
FNF:15
FNH:12
FNDA:25,(anonymous_1)
FNDA:56,(anonymous_2)
FNDA:99,(anonymous_3)
FNDA:2,(anonymous_4)
FNDA:1,(anonymous_5)
FNDA:5,(anonymous_6)
FNDA:26,(anonymous_7)
FNDA:24,(anonymous_8)
FNDA:27,(anonymous_9)
FNDA:1,(anonymous_10)
FNDA:0,(anonymous_11)
FNDA:4,(anonymous_12)
FNDA:0,(anonymous_13)
FNDA:3,(anonymous_14)
FNDA:0,(anonymous_15)
DA:1,17
DA:2,17
DA:6,17
DA:20,17
DA:29,25
DA:30,25
DA:34,56
DA:38,99
DA:42,2
DA:46,1
DA:54,5
DA:61,26
DA:63,26
DA:65,26
DA:72,24
DA:73,24
DA:75,23
DA:77,23
DA:78,17
DA:83,23
DA:84,15
DA:86,15
DA:91,1
DA:94,23
DA:101,27
DA:102,27
DA:103,26
DA:106,1
DA:109,26
DA:118,1
DA:119,0
DA:122,1
DA:142,0
DA:144,0
DA:149,0
DA:163,4
DA:164,4
DA:165,1
DA:168,3
DA:169,3
DA:171,2
DA:172,2
DA:181,2
DA:182,0
DA:192,3
DA:193,1
DA:195,2
DA:199,2
DA:201,1
DA:205,1
DA:222,0
DA:224,0
DA:226,0
DA:233,0
DA:234,0
DA:236,0
DA:237,0
DA:240,0
DA:245,0
DA:248,0
DA:249,0
DA:251,0
DA:257,0
LF:63
LH:45
BRDA:77,0,0,17
BRDA:77,0,1,6
BRDA:83,1,0,15
BRDA:83,1,1,8
BRDA:102,2,0,26
BRDA:102,2,1,1
BRDA:118,3,0,0
BRDA:118,3,1,1
BRDA:122,4,0,0
BRDA:122,4,1,1
BRDA:122,5,0,1
BRDA:122,5,1,1
BRDA:140,6,0,0
BRDA:164,7,0,1
BRDA:164,7,1,3
BRDA:164,8,0,4
BRDA:164,8,1,4
BRDA:168,9,0,3
BRDA:168,9,1,0
BRDA:173,10,0,1
BRDA:173,10,1,1
BRDA:173,11,0,0
BRDA:173,11,1,1
BRDA:173,12,0,1
BRDA:173,12,1,1
BRDA:178,13,0,0
BRDA:178,13,1,1
BRDA:178,14,0,1
BRDA:178,14,1,1
BRDA:181,15,0,0
BRDA:181,15,1,2
BRDA:181,16,0,2
BRDA:181,16,1,2
BRDA:192,17,0,1
BRDA:192,17,1,2
BRDA:199,18,0,1
BRDA:199,18,1,1
BRDA:222,19,0,0
BRDA:222,19,1,0
BRDA:236,20,0,0
BRDA:236,20,1,0
BRF:41
BRH:30
end_of_record
TN:
SF:src/services/gateway-pool.ts
FN:11,(anonymous_1)
FN:16,(anonymous_2)
FN:20,(anonymous_3)
FN:24,(anonymous_4)
FN:39,(anonymous_5)
FNF:5
FNH:4
FNDA:16,(anonymous_1)
FNDA:14,(anonymous_2)
FNDA:0,(anonymous_3)
FNDA:7,(anonymous_4)
FNDA:7,(anonymous_5)
DA:1,16
DA:4,16
DA:5,16
DA:7,16
DA:12,16
DA:13,16
DA:17,14
DA:21,0
DA:25,7
DA:26,7
DA:28,7
DA:30,0
DA:35,0
DA:40,7
DA:41,7
DA:42,7
DA:44,7
DA:45,0
DA:46,0
DA:48,0
DA:51,7
LF:21
LH:15
BRF:0
BRH:0
end_of_record
TN:
SF:src/services/indexer-pool.ts
FN:13,(anonymous_0)
FN:18,(anonymous_1)
FN:22,(anonymous_2)
FN:29,(anonymous_3)
FN:31,(anonymous_4)
FN:37,(anonymous_5)
FN:47,(anonymous_6)
FN:94,(anonymous_7)
FNF:8
FNH:8
FNDA:5,(anonymous_0)
FNDA:42,(anonymous_1)
FNDA:47,(anonymous_2)
FNDA:7,(anonymous_3)
FNDA:28,(anonymous_4)
FNDA:5,(anonymous_5)
FNDA:3,(anonymous_6)
FNDA:6,(anonymous_7)
DA:3,3
DA:4,3
DA:5,3
DA:6,3
DA:9,3
DA:14,5
DA:15,5
DA:19,42
DA:23,47
DA:30,7
DA:32,28
DA:38,5
DA:52,3
DA:53,5
DA:54,5
DA:56,4
DA:63,4
DA:67,3
DA:68,3
DA:69,3
DA:72,0
DA:74,2
DA:75,1
DA:83,2
DA:106,6
DA:107,8
DA:108,8
DA:110,7
DA:119,7
DA:125,4
DA:126,1
DA:129,3
DA:131,3
DA:132,1
DA:140,3
DA:143,1
LF:36
LH:35
BRDA:67,0,0,3
BRDA:67,0,1,0
BRDA:74,1,0,1
BRDA:74,1,1,1
BRDA:125,2,0,1
BRDA:125,2,1,3
BRDA:131,3,0,1
BRDA:131,3,1,2
BRF:8
BRH:7
end_of_record
TN:
SF:src/services/logger.ts
FN:4,createLogger
FNF:1
FNH:1
FNDA:54,createLogger
DA:1,33
DA:2,33
DA:4,33
DA:5,54
DA:19,33
LF:5
LH:5
BRF:0
BRH:0
end_of_record
TN:
SF:src/services/metric-prometheus.ts
FN:13,(anonymous_0)
FN:17,(anonymous_1)
FN:21,(anonymous_2)
FN:38,(anonymous_3)
FNF:4
FNH:4
FNDA:12,(anonymous_0)
FNDA:3,(anonymous_1)
FNDA:12,(anonymous_2)
FNDA:12,(anonymous_3)
DA:2,12
DA:3,12
DA:4,12
DA:7,12
DA:14,12
DA:18,3
DA:22,12
DA:26,12
DA:31,12
DA:35,12
DA:39,12
DA:40,12
DA:41,12
LF:13
LH:13
BRDA:13,0,0,12
BRDA:39,1,0,0
BRDA:39,1,1,12
BRDA:39,2,0,12
BRDA:39,2,1,12
BRDA:40,3,0,0
BRDA:40,3,1,12
BRDA:40,4,0,12
BRDA:40,4,1,12
BRDA:41,5,0,0
BRDA:41,5,1,12
BRDA:41,6,0,12
BRDA:41,6,1,12
BRF:13
BRH:10
end_of_record
TN:
SF:src/services/postgre.ts
FN:12,(anonymous_0)
FN:17,(anonymous_1)
FN:21,(anonymous_2)
FN:25,(anonymous_3)
FN:29,(anonymous_4)
FN:70,(anonymous_5)
FNF:6
FNH:5
FNDA:34,(anonymous_0)
FNDA:291,(anonymous_1)
FNDA:0,(anonymous_2)
FNDA:21,(anonymous_3)
FNDA:22,(anonymous_4)
FNDA:22,(anonymous_5)
DA:1,21
DA:4,21
DA:5,21
DA:6,21
DA:8,21
DA:13,34
DA:14,34
DA:18,291
DA:22,0
DA:26,21
DA:30,22
DA:31,2
DA:36,22
DA:45,22
DA:65,22
DA:71,22
DA:75,22
LF:17
LH:16
BRDA:12,0,0,14
BRDA:30,1,0,2
BRDA:30,1,1,20
BRF:3
BRH:3
end_of_record
TN:
SF:src/services/signer-factory.ts
FN:17,(anonymous_0)
FN:21,(anonymous_1)
FN:25,(anonymous_2)
FN:36,(anonymous_3)
FNF:4
FNH:2
FNDA:13,(anonymous_0)
FNDA:0,(anonymous_1)
FNDA:0,(anonymous_2)
FNDA:1,(anonymous_3)
DA:14,12
DA:18,13
DA:22,0
DA:26,0
DA:41,1
DA:42,1
LF:6
LH:4
BRF:0
BRH:0
end_of_record
TN:
SF:src/services/tezos.ts
FN:10,(anonymous_0)
FN:14,(anonymous_1)
FN:18,(anonymous_2)
FN:22,(anonymous_3)
FN:26,(anonymous_4)
FN:30,(anonymous_5)
FN:34,(anonymous_6)
FN:38,(anonymous_7)
FN:42,(anonymous_8)
FN:54,(anonymous_9)
FN:70,(anonymous_10)
FN:85,(anonymous_11)
FNF:12
FNH:8
FNDA:28,(anonymous_0)
FNDA:36,(anonymous_1)
FNDA:43,(anonymous_2)
FNDA:17,(anonymous_3)
FNDA:0,(anonymous_4)
FNDA:56,(anonymous_5)
FNDA:13,(anonymous_6)
FNDA:9,(anonymous_7)
FNDA:7,(anonymous_8)
FNDA:0,(anonymous_9)
FNDA:0,(anonymous_10)
FNDA:0,(anonymous_11)
DA:1,27
DA:7,27
DA:11,28
DA:15,36
DA:19,43
DA:23,17
DA:27,0
DA:31,56
DA:35,13
DA:39,9
DA:45,7
DA:46,7
DA:51,7
DA:59,0
DA:60,0
DA:71,0
DA:86,0
DA:92,0
DA:93,0
DA:95,0
LF:20
LH:12
BRF:0
BRH:0
end_of_record
TN:
SF:src/services/clients/abstract-client.ts
FN:18,(anonymous_0)
FN:23,(anonymous_1)
FN:33,(anonymous_2)
FNF:3
FNH:3
FNDA:73,(anonymous_0)
FNDA:99,(anonymous_1)
FNDA:29,(anonymous_2)
DA:14,23
DA:19,73
DA:20,73
DA:24,99
DA:34,29
DA:35,1
DA:36,1
DA:39,28
DA:40,13
DA:42,15
LF:10
LH:10
BRDA:34,0,0,1
BRDA:34,0,1,28
BRDA:39,1,0,13
BRDA:39,1,1,15
BRDA:39,2,0,28
BRDA:39,2,1,28
BRF:6
BRH:6
end_of_record
TN:
SF:src/services/clients/indexer-client.ts
FN:14,(anonymous_1)
FN:19,(anonymous_2)
FN:30,(anonymous_3)
FN:86,(anonymous_4)
FNF:4
FNH:4
FNDA:30,(anonymous_1)
FNDA:55,(anonymous_2)
FNDA:22,(anonymous_3)
FNDA:12,(anonymous_4)
DA:2,4
DA:3,4
DA:4,4
DA:5,4
DA:6,4
DA:9,4
DA:11,4
DA:15,30
DA:16,30
DA:20,55
DA:37,22
DA:39,22
DA:47,22
DA:49,22
DA:50,22
DA:56,8
DA:58,8
DA:59,2
DA:62,6
DA:67,6
DA:69,15
DA:70,6
DA:73,9
DA:91,12
DA:92,12
DA:96,8
DA:97,4
DA:102,4
DA:103,3
DA:105,4
DA:106,1
DA:112,4
LF:32
LH:32
BRDA:51,0,0,4
BRDA:51,0,1,18
BRDA:58,1,0,2
BRDA:58,1,1,6
BRDA:69,2,0,6
BRDA:69,2,1,9
BRDA:96,3,0,4
BRDA:96,3,1,4
BRDA:105,4,0,1
BRDA:105,4,1,3
BRF:10
BRH:10
end_of_record
TN:
SF:src/services/clients/vault-client.ts
FN:19,(anonymous_1)
FN:31,(anonymous_2)
FN:62,(anonymous_3)
FN:101,(anonymous_4)
FN:135,(anonymous_5)
FN:176,(anonymous_6)
FNF:6
FNH:5
FNDA:43,(anonymous_1)
FNDA:3,(anonymous_2)
FNDA:0,(anonymous_3)
FNDA:6,(anonymous_4)
FNDA:8,(anonymous_5)
FNDA:36,(anonymous_6)
DA:1,19
DA:2,19
DA:5,19
DA:7,19
DA:9,19
DA:16,19
DA:20,43
DA:21,43
DA:32,3
DA:34,3
DA:35,3
DA:42,2
DA:44,2
DA:45,1
DA:67,0
DA:72,0
DA:73,0
DA:82,0
DA:84,0
DA:85,0
DA:105,6
DA:107,6
DA:108,6
DA:117,3
DA:119,3
DA:121,3
DA:124,3
DA:139,8
DA:144,8
DA:145,8
DA:149,6
DA:154,6
DA:156,2
DA:158,2
DA:159,2
DA:166,0
DA:177,36
DA:179,36
DA:180,36
DA:184,23
DA:191,23
DA:193,23
DA:195,23
DA:197,23
DA:199,13
DA:201,13
DA:202,9
DA:209,4
LF:48
LH:41
BRDA:44,0,0,1
BRDA:44,0,1,1
BRDA:44,1,0,2
BRDA:44,1,1,2
BRDA:47,2,0,0
BRDA:47,2,1,1
BRDA:47,3,0,1
BRDA:47,3,1,1
BRDA:84,4,0,0
BRDA:84,4,1,0
BRDA:84,5,0,0
BRDA:84,5,1,0
BRDA:87,6,0,0
BRDA:87,6,1,0
BRDA:87,7,0,0
BRDA:87,7,1,0
BRDA:158,8,0,2
BRDA:158,8,1,0
BRDA:158,9,0,2
BRDA:158,9,1,2
BRDA:161,10,0,0
BRDA:161,10,1,2
BRDA:161,11,0,2
BRDA:161,11,1,2
BRDA:201,12,0,9
BRDA:201,12,1,4
BRDA:201,13,0,13
BRDA:201,13,1,12
BRDA:204,14,0,0
BRDA:204,14,1,9
BRDA:204,15,0,9
BRDA:204,15,1,9
BRF:32
BRH:20
end_of_record
TN:
SF:src/services/signers/fake-signer.ts
FN:11,(anonymous_0)
FN:15,(anonymous_1)
FN:19,(anonymous_2)
FN:23,(anonymous_3)
FN:27,(anonymous_4)
FNF:5
FNH:2
FNDA:8,(anonymous_0)
FNDA:0,(anonymous_1)
FNDA:4,(anonymous_2)
FNDA:0,(anonymous_3)
FNDA:0,(anonymous_4)
DA:8,14
DA:12,8
DA:16,0
DA:20,4
DA:24,0
DA:36,0
LF:6
LH:3
BRF:0
BRH:0
end_of_record
TN:
SF:src/services/signers/vault.ts
FN:16,(anonymous_1)
FN:22,(anonymous_2)
FN:26,(anonymous_3)
FN:35,(anonymous_4)
FN:50,(anonymous_5)
FN:63,(anonymous_6)
FN:84,(anonymous_7)
FN:96,(anonymous_8)
FNF:8
FNH:7
FNDA:28,(anonymous_1)
FNDA:28,(anonymous_2)
FNDA:46,(anonymous_3)
FNDA:25,(anonymous_4)
FNDA:3,(anonymous_5)
FNDA:22,(anonymous_6)
FNDA:0,(anonymous_7)
FNDA:3,(anonymous_8)
DA:1,16
DA:2,16
DA:4,16
DA:7,16
DA:8,16
DA:9,16
DA:11,16
DA:17,28
DA:18,28
DA:19,28
DA:23,28
DA:27,46
DA:36,25
DA:37,25
DA:39,19
DA:40,3
DA:43,16
DA:51,3
DA:53,1
DA:57,1
DA:64,22
DA:66,22
DA:68,15
DA:73,15
DA:77,15
DA:85,0
DA:105,3
DA:107,3
DA:109,3
DA:111,3
DA:115,3
DA:119,3
DA:121,3
DA:122,1
DA:125,2
DA:129,2
DA:131,2
DA:132,2
DA:134,2
LF:39
LH:38
BRDA:39,0,0,3
BRDA:39,0,1,16
BRDA:109,1,0,1
BRDA:109,1,1,2
BRDA:121,2,0,1
BRDA:121,2,1,2
BRF:6
BRH:6
end_of_record
TN:
SF:src/utils/index.ts
FN:6,generateRandomInt
FNF:1
FNH:1
FNDA:13,generateRandomInt
DA:6,19
DA:7,13
LF:2
LH:2
BRF:0
BRH:0
end_of_record
TN:
SF:src/utils/parse-int.ts
FN:9,parseInt
FNF:1
FNH:1
FNDA:340,parseInt
DA:9,38
DA:10,340
DA:12,2
DA:14,2
LF:4
LH:4
BRDA:10,0,0,338
BRDA:10,0,1,2
BRDA:14,1,0,1
BRDA:14,1,1,1
BRF:4
BRH:4
end_of_record
